<html>
<head>
<title>TestNG:  ECS Smoke Suite</title>
<link href="../testng.css" rel="stylesheet" type="text/css" />
<link href="../my-testng.css" rel="stylesheet" type="text/css" />

<style type="text/css">
.log { display: none;} 
.stack-trace { display: none;} 
</style>
<script type="text/javascript">
<!--
function flip(e) {
  current = e.style.display;
  if (current == 'block') {
    e.style.display = 'none';
    return 0;
  }
  else {
    e.style.display = 'block';
    return 1;
  }
}

function toggleBox(szDivId, elem, msg1, msg2)
{
  var res = -1;  if (document.getElementById) {
    res = flip(document.getElementById(szDivId));
  }
  else if (document.all) {
    // this is the way old msie versions work
    res = flip(document.all[szDivId]);
  }
  if(elem) {
    if(res == 0) elem.innerHTML = msg1; else elem.innerHTML = msg2;
  }

}

function toggleAllBoxes() {
  if (document.getElementsByTagName) {
    d = document.getElementsByTagName('div');
    for (i = 0; i < d.length; i++) {
      if (d[i].className == 'log') {
        flip(d[i]);
      }
    }
  }
}

// -->
</script>

</head>
<body>
<h2 align='center'>ECS Smoke Suite</h2><table border='1' align="center">
<tr>
<td>Tests passed/Failed/Skipped:</td><td>3/2/0</td>
</tr><tr>
<td>Started on:</td><td>Mon Sep 18 11:20:22 EDT 2023</td>
</tr>
<tr><td>Total time:</td><td>569 seconds (569658 ms)</td>
</tr><tr>
<td>Included groups:</td><td></td>
</tr><tr>
<td>Excluded groups:</td><td></td>
</tr>
</table><p/>
<small><i>(Hover the method name to see the test class name)</i></small><p/>
<table width='100%' border='1' class='invocation-failed'>
<tr><td colspan='4' align='center'><b>FAILED TESTS</b></td></tr>
<tr><td><b>Test method</b></td>
<td width="30%"><b>Exception</b></td>
<td width="10%"><b>Time (seconds)</b></td>
<td><b>Instance</b></td>
</tr>
<tr>
<td title='com.qa.ecs.smoke.ConsumerTest.ECS036_validateAddPaymentOrderTransactionForPersonalSavingsAccount()'><b>ECS036_validateAddPaymentOrderTransactionForPersonalSavingsAccount</b><br>Test class: com.qa.ecs.smoke.ConsumerTest<br>Test method: Verify Add Payment Order transaction for Personal Savings Account</td>
<td><div><pre>java.lang.AssertionError: &quot;In Process&quot; and &quot;Entered&quot; is not equal.Should be equal
	at org.testng.Assert.fail(Assert.java:96)
	at com.qa.ecs.utils.AssertionUtil.verifyEqual(AssertionUtil.java:34)
	at com.qa.ecs.smoke.ConsumerTest.ECS036_validateAddPaymentOrderTransactionForPersonalSavingsAccount(ConsumerTest.java:1507)
	at java.base/jdk.internal.reflect.NativeMethodAccessorImpl.invoke0(Native Method)
	at java.base/jdk.internal.reflect.NativeMethodAccessorImpl.invoke(NativeMethodAccessorImpl.java:77)
	at java.base/jdk.internal.reflect.DelegatingMethodAccessorImpl.invoke(DelegatingMethodAccessorImpl.java:43)
	at java.base/java.lang.reflect.Method.invoke(Method.java:568)
	at org.testng.internal.MethodInvocationHelper.invokeMethod(MethodInvocationHelper.java:124)
	at org.testng.internal.Invoker.invokeMethod(Invoker.java:583)
	at org.testng.internal.Invoker.invokeTestMethod(Invoker.java:719)
	at org.testng.internal.Invoker.invokeTestMethods(Invoker.java:989)
	at org.testng.internal.TestMethodWorker.invokeTestMethods(TestMethodWorker.java:125)
	at org.testng.internal.TestMethodWorker.run(TestMethodWorker.java:109)
	at java.base/java.util.concurrent.ThreadPoolExecutor.runWorker(ThreadPoolExecutor.java:1136)
	at java.base/java.util.concurrent.ThreadPoolExecutor$Worker.run(ThreadPoolExecutor.java:635)
	at java.base/java.lang.Thread.run(Thread.java:833)
</pre></div><a href='#' onClick='toggleBox("stack-trace1441439394", this, "Click to show all stack frames", "Click to hide stack frames")'>Click to show all stack frames</a>
<div class='stack-trace' id='stack-trace1441439394'><pre>java.lang.AssertionError: &quot;In Process&quot; and &quot;Entered&quot; is not equal.Should be equal
	at org.testng.Assert.fail(Assert.java:96)
	at com.qa.ecs.utils.AssertionUtil.verifyEqual(AssertionUtil.java:34)
	at com.qa.ecs.smoke.ConsumerTest.ECS036_validateAddPaymentOrderTransactionForPersonalSavingsAccount(ConsumerTest.java:1507)
	at java.base/jdk.internal.reflect.NativeMethodAccessorImpl.invoke0(Native Method)
	at java.base/jdk.internal.reflect.NativeMethodAccessorImpl.invoke(NativeMethodAccessorImpl.java:77)
	at java.base/jdk.internal.reflect.DelegatingMethodAccessorImpl.invoke(DelegatingMethodAccessorImpl.java:43)
	at java.base/java.lang.reflect.Method.invoke(Method.java:568)
	at org.testng.internal.MethodInvocationHelper.invokeMethod(MethodInvocationHelper.java:124)
	at org.testng.internal.Invoker.invokeMethod(Invoker.java:583)
	at org.testng.internal.Invoker.invokeTestMethod(Invoker.java:719)
	at org.testng.internal.Invoker.invokeTestMethods(Invoker.java:989)
	at org.testng.internal.TestMethodWorker.invokeTestMethods(TestMethodWorker.java:125)
	at org.testng.internal.TestMethodWorker.run(TestMethodWorker.java:109)
	at java.base/java.util.concurrent.ThreadPoolExecutor.runWorker(ThreadPoolExecutor.java:1136)
	at java.base/java.util.concurrent.ThreadPoolExecutor$Worker.run(ThreadPoolExecutor.java:635)
	at java.base/java.lang.Thread.run(Thread.java:833)
</pre></div></td>
<td>103</td>
<td>com.qa.ecs.smoke.ConsumerTest@5fac521d</td></tr>
<tr>
<td title='com.qa.ecs.smoke.ConsumerTest.ECS037_ECS038_ECS039_ECS040_ECS041_validateOrderApprovalForMultiPositionAccountForBookTransferOrderType()'><b>ECS037_ECS038_ECS039_ECS040_ECS041_validateOrderApprovalForMultiPositionAccountForBookTransferOrderType</b><br>Test class: com.qa.ecs.smoke.ConsumerTest<br>Test method: Verify Order Approval for Multi Position Account with Book Transfer Order Type</td>
<td><div><pre>java.lang.AssertionError: MultiPosition Account API is down. Hence Returning response code 500
	at org.testng.Assert.fail(Assert.java:96)
	at com.qa.ecs.api.MultiPositionAccountAPI.post(MultiPositionAccountAPI.java:27)
	at com.qa.ecs.api.ecsAPIs.addMultiPositionAccountToConsumer(ecsAPIs.java:114)
	at com.qa.ecs.api.ecsAPIs.addMultiPositionAccountToConsumerAPI(ecsAPIs.java:144)
	at com.qa.ecs.api.ecsAPIs.addMultiPositionAccountToConsumerAPI(ecsAPIs.java:237)
	at com.qa.ecs.smoke.ConsumerTest.ECS037_ECS038_ECS039_ECS040_ECS041_validateOrderApprovalForMultiPositionAccountForBookTransferOrderType(ConsumerTest.java:1559)
	at java.base/jdk.internal.reflect.NativeMethodAccessorImpl.invoke0(Native Method)
	at java.base/jdk.internal.reflect.NativeMethodAccessorImpl.invoke(NativeMethodAccessorImpl.java:77)
	at java.base/jdk.internal.reflect.DelegatingMethodAccessorImpl.invoke(DelegatingMethodAccessorImpl.java:43)
	at java.base/java.lang.reflect.Method.invoke(Method.java:568)
	at org.testng.internal.MethodInvocationHelper.invokeMethod(MethodInvocationHelper.java:124)
	at org.testng.internal.Invoker.invokeMethod(Invoker.java:583)
	at org.testng.internal.Invoker.invokeTestMethod(Invoker.java:719)
	at org.testng.internal.Invoker.invokeTestMethods(Invoker.java:989)
	at org.testng.internal.TestMethodWorker.invokeTestMethods(TestMethodWorker.java:125)
	at org.testng.internal.TestMethodWorker.run(TestMethodWorker.java:109)
	at java.base/java.util.concurrent.ThreadPoolExecutor.runWorker(ThreadPoolExecutor.java:1136)
	at java.base/java.util.concurrent.ThreadPoolExecutor$Worker.run(ThreadPoolExecutor.java:635)
	at java.base/java.lang.Thread.run(Thread.java:833)
</pre></div><a href='#' onClick='toggleBox("stack-trace1167736820", this, "Click to show all stack frames", "Click to hide stack frames")'>Click to show all stack frames</a>
<div class='stack-trace' id='stack-trace1167736820'><pre>java.lang.AssertionError: MultiPosition Account API is down. Hence Returning response code 500
	at org.testng.Assert.fail(Assert.java:96)
	at com.qa.ecs.api.MultiPositionAccountAPI.post(MultiPositionAccountAPI.java:27)
	at com.qa.ecs.api.ecsAPIs.addMultiPositionAccountToConsumer(ecsAPIs.java:114)
	at com.qa.ecs.api.ecsAPIs.addMultiPositionAccountToConsumerAPI(ecsAPIs.java:144)
	at com.qa.ecs.api.ecsAPIs.addMultiPositionAccountToConsumerAPI(ecsAPIs.java:237)
	at com.qa.ecs.smoke.ConsumerTest.ECS037_ECS038_ECS039_ECS040_ECS041_validateOrderApprovalForMultiPositionAccountForBookTransferOrderType(ConsumerTest.java:1559)
	at java.base/jdk.internal.reflect.NativeMethodAccessorImpl.invoke0(Native Method)
	at java.base/jdk.internal.reflect.NativeMethodAccessorImpl.invoke(NativeMethodAccessorImpl.java:77)
	at java.base/jdk.internal.reflect.DelegatingMethodAccessorImpl.invoke(DelegatingMethodAccessorImpl.java:43)
	at java.base/java.lang.reflect.Method.invoke(Method.java:568)
	at org.testng.internal.MethodInvocationHelper.invokeMethod(MethodInvocationHelper.java:124)
	at org.testng.internal.Invoker.invokeMethod(Invoker.java:583)
	at org.testng.internal.Invoker.invokeTestMethod(Invoker.java:719)
	at org.testng.internal.Invoker.invokeTestMethods(Invoker.java:989)
	at org.testng.internal.TestMethodWorker.invokeTestMethods(TestMethodWorker.java:125)
	at org.testng.internal.TestMethodWorker.run(TestMethodWorker.java:109)
	at java.base/java.util.concurrent.ThreadPoolExecutor.runWorker(ThreadPoolExecutor.java:1136)
	at java.base/java.util.concurrent.ThreadPoolExecutor$Worker.run(ThreadPoolExecutor.java:635)
	at java.base/java.lang.Thread.run(Thread.java:833)
</pre></div></td>
<td>12</td>
<td>com.qa.ecs.smoke.ConsumerTest@5fac521d</td></tr>
</table><p>
<table width='100%' border='1' class='invocation-passed'>
<tr><td colspan='4' align='center'><b>PASSED TESTS</b></td></tr>
<tr><td><b>Test method</b></td>
<td width="30%"><b>Exception</b></td>
<td width="10%"><b>Time (seconds)</b></td>
<td><b>Instance</b></td>
</tr>
<tr>
<td title='com.qa.ecs.smoke.ConsumerTest.ECS034_validateCancelHoldsTransactionForPersonalSavingAccount()'><b>ECS034_validateCancelHoldsTransactionForPersonalSavingAccount</b><br>Test class: com.qa.ecs.smoke.ConsumerTest<br>Test method: Verify Cancel Holds in Overview, Holds table and in Balance Summary after add holds Transaction for Personal Saving Account</td>
<td></td>
<td>127</td>
<td>com.qa.ecs.smoke.ConsumerTest@5fac521d</td></tr>
<tr>
<td title='com.qa.ecs.smoke.ConsumerTest.ECS035_validateAddOrderTransactionForMultiPositionAccountForBookTransferOrderType()'><b>ECS035_validateAddOrderTransactionForMultiPositionAccountForBookTransferOrderType</b><br>Test class: com.qa.ecs.smoke.ConsumerTest<br>Test method: Verify Add Order Transaction for Multi Position Account with Book Transfer Order Type</td>
<td></td>
<td>129</td>
<td>com.qa.ecs.smoke.ConsumerTest@5fac521d</td></tr>
<tr>
<td title='com.qa.ecs.smoke.ConsumerTest.ECS058_ECS059_ECS060_validateAddedCustomerDocumentModifiedDocTypeAndRecentDocTable()'><b>ECS058_ECS059_ECS060_validateAddedCustomerDocumentModifiedDocTypeAndRecentDocTable</b><br>Test class: com.qa.ecs.smoke.ConsumerTest<br>Test method: Verify add and lunch a new customer Document, modify document and verify from recent document table</td>
<td></td>
<td>167</td>
<td>com.qa.ecs.smoke.ConsumerTest@5fac521d</td></tr>
</table><p>
</body>
</html>