<?xml version="1.0" encoding="UTF-8"?>
<!-- Generated by org.testng.reporters.JUnitXMLReporter -->
<testsuite ignored="32" hostname="SA-NFARUQ-LT" failures="2" tests="5" name="ECS Smoke Suite" time="569.658" errors="0" timestamp="18 Sep 2023 15:29:52 GMT">
  <testcase classname="com.qa.ecs.smoke.ConsumerTest" name="ECS035_validateAddOrderTransactionForMultiPositionAccountForBookTransferOrderType" time="129.953"/>
  <testcase classname="com.qa.ecs.smoke.ConsumerTest" name="ECS036_validateAddPaymentOrderTransactionForPersonalSavingsAccount" time="103.751">
    <failure type="java.lang.AssertionError" message="&amp;quot;In Process&amp;quot; and &amp;quot;Entered&amp;quot; is not equal.Should be equal">
      <![CDATA[java.lang.AssertionError: "In Process" and "Entered" is not equal.Should be equal
at org.testng.Assert.fail(Assert.java:96)
at com.qa.ecs.utils.AssertionUtil.verifyEqual(AssertionUtil.java:34)
at com.qa.ecs.smoke.ConsumerTest.ECS036_validateAddPaymentOrderTransactionForPersonalSavingsAccount(ConsumerTest.java:1507)
at java.base/jdk.internal.reflect.NativeMethodAccessorImpl.invoke0(Native Method)
at java.base/jdk.internal.reflect.NativeMethodAccessorImpl.invoke(NativeMethodAccessorImpl.java:77)
at java.base/jdk.internal.reflect.DelegatingMethodAccessorImpl.invoke(DelegatingMethodAccessorImpl.java:43)
at java.base/java.lang.reflect.Method.invoke(Method.java:568)
at org.testng.internal.MethodInvocationHelper.invokeMethod(MethodInvocationHelper.java:124)
at org.testng.internal.Invoker.invokeMethod(Invoker.java:583)
at org.testng.internal.Invoker.invokeTestMethod(Invoker.java:719)
at org.testng.internal.Invoker.invokeTestMethods(Invoker.java:989)
at org.testng.internal.TestMethodWorker.invokeTestMethods(TestMethodWorker.java:125)
at org.testng.internal.TestMethodWorker.run(TestMethodWorker.java:109)
at java.base/java.util.concurrent.ThreadPoolExecutor.runWorker(ThreadPoolExecutor.java:1136)
at java.base/java.util.concurrent.ThreadPoolExecutor$Worker.run(ThreadPoolExecutor.java:635)
at java.base/java.lang.Thread.run(Thread.java:833)
]]>
    </failure>
  </testcase> <!-- ECS036_validateAddPaymentOrderTransactionForPersonalSavingsAccount -->
  <testcase classname="com.qa.ecs.smoke.ConsumerTest" name="ECS037_ECS038_ECS039_ECS040_ECS041_validateOrderApprovalForMultiPositionAccountForBookTransferOrderType" time="12.2">
    <failure type="java.lang.AssertionError" message="MultiPosition Account API is down. Hence Returning response code 500">
      <![CDATA[java.lang.AssertionError: MultiPosition Account API is down. Hence Returning response code 500
at org.testng.Assert.fail(Assert.java:96)
at com.qa.ecs.api.MultiPositionAccountAPI.post(MultiPositionAccountAPI.java:27)
at com.qa.ecs.api.ecsAPIs.addMultiPositionAccountToConsumer(ecsAPIs.java:114)
at com.qa.ecs.api.ecsAPIs.addMultiPositionAccountToConsumerAPI(ecsAPIs.java:144)
at com.qa.ecs.api.ecsAPIs.addMultiPositionAccountToConsumerAPI(ecsAPIs.java:237)
at com.qa.ecs.smoke.ConsumerTest.ECS037_ECS038_ECS039_ECS040_ECS041_validateOrderApprovalForMultiPositionAccountForBookTransferOrderType(ConsumerTest.java:1559)
at java.base/jdk.internal.reflect.NativeMethodAccessorImpl.invoke0(Native Method)
at java.base/jdk.internal.reflect.NativeMethodAccessorImpl.invoke(NativeMethodAccessorImpl.java:77)
at java.base/jdk.internal.reflect.DelegatingMethodAccessorImpl.invoke(DelegatingMethodAccessorImpl.java:43)
at java.base/java.lang.reflect.Method.invoke(Method.java:568)
at org.testng.internal.MethodInvocationHelper.invokeMethod(MethodInvocationHelper.java:124)
at org.testng.internal.Invoker.invokeMethod(Invoker.java:583)
at org.testng.internal.Invoker.invokeTestMethod(Invoker.java:719)
at org.testng.internal.Invoker.invokeTestMethods(Invoker.java:989)
at org.testng.internal.TestMethodWorker.invokeTestMethods(TestMethodWorker.java:125)
at org.testng.internal.TestMethodWorker.run(TestMethodWorker.java:109)
at java.base/java.util.concurrent.ThreadPoolExecutor.runWorker(ThreadPoolExecutor.java:1136)
at java.base/java.util.concurrent.ThreadPoolExecutor$Worker.run(ThreadPoolExecutor.java:635)
at java.base/java.lang.Thread.run(Thread.java:833)
]]>
    </failure>
  </testcase> <!-- ECS037_ECS038_ECS039_ECS040_ECS041_validateOrderApprovalForMultiPositionAccountForBookTransferOrderType -->
  <testcase classname="com.qa.ecs.smoke.ConsumerTest" name="ECS058_ECS059_ECS060_validateAddedCustomerDocumentModifiedDocTypeAndRecentDocTable" time="167.128"/>
  <testcase classname="com.qa.ecs.smoke.ConsumerTest" name="ECS034_validateCancelHoldsTransactionForPersonalSavingAccount" time="127.017"/>
  <testcase classname="com.qa.ecs.smoke.ConsumerTest" name="ECS028_ECS029_validateAddHoldsTransactionForPersonalSavingAccount" time="0.0">
    <ignored/>
  </testcase> <!-- ECS028_ECS029_validateAddHoldsTransactionForPersonalSavingAccount -->
  <testcase classname="com.qa.ecs.smoke.ConsumerTest" name="ECS061_validateAddedCustomerNote" time="0.0">
    <ignored/>
  </testcase> <!-- ECS061_validateAddedCustomerNote -->
  <testcase classname="com.qa.ecs.smoke.ConsumerTest" name="ECS030_ECS031_validateAddHoldInOverViewTabAndHoldTab" time="0.0">
    <ignored/>
  </testcase> <!-- ECS030_ECS031_validateAddHoldInOverViewTabAndHoldTab -->
  <testcase classname="com.qa.ecs.smoke.ConsumerTest" name="ECS091_ECS092_ECS093_ECS094_ValidateAddCustomerComplain" time="0.0">
    <ignored/>
  </testcase> <!-- ECS091_ECS092_ECS093_ECS094_ValidateAddCustomerComplain -->
  <testcase classname="com.qa.ecs.smoke.ConsumerTest" name="ECS057_ValidateAddCustomerComplain" time="0.0">
    <ignored/>
  </testcase> <!-- ECS057_ValidateAddCustomerComplain -->
  <testcase classname="com.qa.ecs.smoke.ConsumerTest" name="ECS063_ECS064_ValidateAddAccountComplainAndValidateWorkCaseInWorkFlowModulePlusWMIInfo" time="0.0">
    <ignored/>
  </testcase> <!-- ECS063_ECS064_ValidateAddAccountComplainAndValidateWorkCaseInWorkFlowModulePlusWMIInfo -->
  <testcase classname="com.qa.ecs.smoke.ConsumerTest" name="ECS042_validateCancelOrderForAddPaymentOrderTransactionForBankingAccount" time="0.0">
    <ignored/>
  </testcase> <!-- ECS042_validateCancelOrderForAddPaymentOrderTransactionForBankingAccount -->
  <testcase classname="com.qa.ecs.smoke.ConsumerTest" name="ECS004_validateSearchFunctionalityForInvalidOrganization" time="0.0">
    <ignored/>
  </testcase> <!-- ECS004_validateSearchFunctionalityForInvalidOrganization -->
  <testcase classname="com.qa.ecs.smoke.ConsumerTest" name="ECS010_ECS011_ECS012_ECS013_validateNewlyCreatedMultipositionAccountNumberProductTypeAndPopupSuccessMsg" time="0.0">
    <ignored/>
  </testcase> <!-- ECS010_ECS011_ECS012_ECS013_validateNewlyCreatedMultipositionAccountNumberProductTypeAndPopupSuccessMsg -->
  <testcase classname="com.qa.ecs.smoke.ConsumerTest" name="ECS023_validateCreditPostTransactionForPersonalSavingAccount" time="0.0">
    <ignored/>
  </testcase> <!-- ECS023_validateCreditPostTransactionForPersonalSavingAccount -->
  <testcase classname="com.qa.ecs.smoke.ConsumerTest" name="ECS025_validateCreditPostTransactionForMultiPositionAccount" time="0.0">
    <ignored/>
  </testcase> <!-- ECS025_validateCreditPostTransactionForMultiPositionAccount -->
  <testcase classname="com.qa.ecs.smoke.ConsumerTest" name="ECS002_validateSearchFunctionalityForInvalidConsumer" time="0.0">
    <ignored/>
  </testcase> <!-- ECS002_validateSearchFunctionalityForInvalidConsumer -->
  <testcase classname="com.qa.ecs.smoke.ConsumerTest" name="ECS045_ValidateCustomerInfoForAddCustomerServiceCaseInWMI" time="0.0">
    <ignored/>
  </testcase> <!-- ECS045_ValidateCustomerInfoForAddCustomerServiceCaseInWMI -->
  <testcase classname="com.qa.ecs.smoke.ConsumerTest" name="ECS070_ValidateCustomerInfoForAddServiceCaseForOrganizationInWMI" time="0.0">
    <ignored/>
  </testcase> <!-- ECS070_ValidateCustomerInfoForAddServiceCaseForOrganizationInWMI -->
  <testcase classname="com.qa.ecs.smoke.ConsumerTest" name="ECS062_ValidateCustomerInfoForAddAccountServiceCaseInWMI" time="0.0">
    <ignored/>
  </testcase> <!-- ECS062_ValidateCustomerInfoForAddAccountServiceCaseInWMI -->
  <testcase classname="com.qa.ecs.smoke.ConsumerTest" name="ECS055_ECS056_verifyInvalidAddressAndUpdatedZipCode" time="0.0">
    <ignored/>
  </testcase> <!-- ECS055_ECS056_verifyInvalidAddressAndUpdatedZipCode -->
  <testcase classname="com.qa.ecs.smoke.ConsumerTest" name="ECS027_validateT_Account" time="0.0">
    <ignored/>
  </testcase> <!-- ECS027_validateT_Account -->
  <testcase classname="com.qa.ecs.smoke.ConsumerTest" name="ECS043_validateLoanDisbursementTransactionForLoanAccount" time="0.0">
    <ignored/>
  </testcase> <!-- ECS043_validateLoanDisbursementTransactionForLoanAccount -->
  <testcase classname="com.qa.ecs.smoke.ConsumerTest" name="ECS005_ECS014_ECS015_validateNewlyCreatedBankingAccountAndNotification" time="0.0">
    <ignored/>
  </testcase> <!-- ECS005_ECS014_ECS015_validateNewlyCreatedBankingAccountAndNotification -->
  <testcase classname="com.qa.ecs.smoke.ConsumerTest" name="ECS003_validateNewlyCreatedOrganization" time="0.0">
    <ignored/>
  </testcase> <!-- ECS003_validateNewlyCreatedOrganization -->
  <testcase classname="com.qa.ecs.smoke.ConsumerTest" name="ECS032_ECS033_validateModifylHoldsTransactionForPersonalSavingAccount" time="0.0">
    <ignored/>
  </testcase> <!-- ECS032_ECS033_validateModifylHoldsTransactionForPersonalSavingAccount -->
  <testcase classname="com.qa.ecs.smoke.ConsumerTest" name="ECS001_ECS007_ECS008_ECS009_validateNewlyCreatedConsumerOnSearchPage" time="0.0">
    <ignored/>
  </testcase> <!-- ECS001_ECS007_ECS008_ECS009_validateNewlyCreatedConsumerOnSearchPage -->
  <testcase classname="com.qa.ecs.smoke.ConsumerTest" name="ECS044_validateCollectionOrderTransactionForLoanAccount" time="0.0">
    <ignored/>
  </testcase> <!-- ECS044_validateCollectionOrderTransactionForLoanAccount -->
  <testcase classname="com.qa.ecs.smoke.ConsumerTest" name="ECS006_verifyMessageForInvalidAccountSearch" time="0.0">
    <ignored/>
  </testcase> <!-- ECS006_verifyMessageForInvalidAccountSearch -->
  <testcase classname="com.qa.ecs.smoke.ConsumerTest" name="ECS026_validateDebitPostTransactionForMultiPositionAccount" time="0.0">
    <ignored/>
  </testcase> <!-- ECS026_validateDebitPostTransactionForMultiPositionAccount -->
  <testcase classname="com.qa.ecs.smoke.ConsumerTest" name="ECS051_ECS052_ECS053_ECS054_verifyUpdatedAddress" time="0.0">
    <ignored/>
  </testcase> <!-- ECS051_ECS052_ECS053_ECS054_verifyUpdatedAddress -->
  <testcase classname="com.qa.ecs.smoke.ConsumerTest" name="ECS024_validateDebitPostTransactionForPersonalSavingAccount" time="0.0">
    <ignored/>
  </testcase> <!-- ECS024_validateDebitPostTransactionForPersonalSavingAccount -->
  <testcase classname="com.qa.ecs.smoke.ConsumerTest" name="ECS046_ECS047_ECS048_ECS049_ECS050_verifyInvalidAddressAndUpdatedZipCode" time="0.0">
    <ignored/>
  </testcase> <!-- ECS046_ECS047_ECS048_ECS049_ECS050_verifyInvalidAddressAndUpdatedZipCode -->
  <testcase classname="com.qa.ecs.smoke.ConsumerTest" name="ECS019_ECS020_ECS021_ECS022_validateBeneficiary" time="0.0">
    <ignored/>
  </testcase> <!-- ECS019_ECS020_ECS021_ECS022_validateBeneficiary -->
  <testcase classname="com.qa.ecs.smoke.ConsumerTest" name="ECS016_ECS017_ECS018_validateAddRelatedPartyCaseClosed" time="0.0">
    <ignored/>
  </testcase> <!-- ECS016_ECS017_ECS018_validateAddRelatedPartyCaseClosed -->
  <testcase classname="com.qa.ecs.smoke.ConsumerTest" name="ECS086_ECS087_ECS088_verifyInvalidAddressAndUpdatedZipCode" time="0.0">
    <ignored/>
  </testcase> <!-- ECS086_ECS087_ECS088_verifyInvalidAddressAndUpdatedZipCode -->
  <testcase classname="com.qa.ecs.smoke.ConsumerTest" name="ECS068_ECS069_validateOrgnWithoutAccountInfoInCustomerOverViewPageAndThenAccountIfoAfterCreateBankingAccount" time="0.0">
    <ignored/>
  </testcase> <!-- ECS068_ECS069_validateOrgnWithoutAccountInfoInCustomerOverViewPageAndThenAccountIfoAfterCreateBankingAccount -->
</testsuite> <!-- ECS Smoke Suite -->
