

<!DOCTYPE html>
<html>
<head>
<meta charset="UTF-8">
<meta name="viewport" content="width=device-width, initial-scale=1, shrink-to-fit=no">
<title></title>
<link rel="apple-touch-icon" href="https://cdn.jsdelivr.net/gh/extent-framework/extent-github-cdn@b00a2d0486596e73dd7326beacf352c639623a0e/commons/img/logo.png">
<link rel="shortcut icon" href="https://cdn.jsdelivr.net/gh/extent-framework/extent-github-cdn@b00a2d0486596e73dd7326beacf352c639623a0e/commons/img/logo.png">
<link href="https://cdn.jsdelivr.net/gh/extent-framework/extent-github-cdn@d6562a79075e061305ccfdb82f01e5e195e2d307/spark/css/spark-style.css" rel="stylesheet" />
<link href="https://stackpath.bootstrapcdn.com/font-awesome/4.7.0/css/font-awesome.min.css" rel="stylesheet">
<script src="https://cdn.rawgit.com/extent-framework/extent-github-cdn/7cc78ce/spark/js/jsontree.js"></script>
<style type="text/css"></style></head><body class="spa -report standard">
  <div class="app">
    <div class="layout">
<div class="header navbar">
<div class="vheader">
<div class="nav-logo">
<a href="#">
<div class="logo" style="background-image: url('https://cdn.jsdelivr.net/gh/extent-framework/extent-github-cdn@b00a2d0486596e73dd7326beacf352c639623a0e/commons/img/logo.png')"></div>
</a>
</div>
<ul class="nav-left">
<li class="search-box">
<a class="search-toggle" href="#">
<i class="search-icon fa fa-search"></i>
<i class="search-icon-close fa fa-close"></i>
</a>
</li>
<li class="search-input"><input id="search-tests" class="form-control" type="text" placeholder="Search..."></li>
</ul>
<ul class="nav-right">
<li class="m-r-10">
<a href="#"><span class="badge badge-primary">Automation Test Results</span></a>
</li>
<li class="m-r-10">
<a href="#"><span class="badge badge-primary">Oct 10, 2023 11:15:28 PM</span></a>
</li>
</ul>
</div>
</div><div class="side-nav">
<div class="side-nav-inner">
<ul class="side-nav-menu">
<li class="nav-item dropdown" onclick="toggleView('test-view')">
<a id="nav-test" class="dropdown-toggle" href="#">
<span class="ico"><i class="fa fa-list"></i></span>
</a>
</li>
<li class="nav-item dropdown" onclick="toggleView('exception-view')">
<a id="nav-exception" class="dropdown-toggle" href="#">
<span class="ico"><i class="fa fa-bug"></i></span>
</a>
</li>
<li class="nav-item dropdown" onclick="toggleView('category-view')">
<a id="nav-category" class="dropdown-toggle" href="#">
<span class="ico"><i class="fa fa-tag"></i></span>
</a>
</li>
<li class="nav-item dropdown" onclick="toggleView('dashboard-view')">
<a id="nav-dashboard" class="dropdown-toggle" href="#">
<span class="ico"><i class="fa fa-bar-chart"></i></span>
</a>
</li>
</ul>
</div>
</div>      <div class="vcontainer">
        <div class="main-content">
<div class="test-wrapper row view test-view">
  <div class="test-list">
    <div class="test-list-tools">
<ul class="tools pull-left">
<li><a href="#"><span class="font-size-14">Tests</span></a></li>
</ul>
<ul class="tools text-right">
<li class="dropdown">
<a href="#" class="dropdown-toggle" data-toggle="dropdown"><i class="fa fa-exclamation-circle"></i></a>
<ul id="status-toggle" class="dropdown-menu dropdown-md p-v-0">
<a class="dropdown-item" status="pass" href="#"><span>Pass</span><span class="status success"></span></a>
<a class="dropdown-item" status="fail" href="#"><span>Fail</span><span class="status danger"></span></a>
<div class="dropdown-divider"></div>
<a status="clear" class="dropdown-item" href="#"><span>Clear</span><span class="pull-right"><i class="fa fa-close"></i></span></a>
</ul>
</li>
<li class="dropdown">
<a href="#" class="dropdown-toggle" data-toggle="dropdown"><i class="fa fa-tag"></i></a>
<ul id="tag-toggle" class="dropdown-menu dropdown-md p-v-0">
<a class="dropdown-item" href="#">ConsumerTest</a><a class="dropdown-item" href="#">Defaultsuite</a>
</ul>
</li>
</ul>
</div>    <div class="test-list-wrapper scrollable">
      <ul class="test-list-item">
        <li class="test-item"  status="fail" test-id="1"
          author=""
          tag="Defaultsuite ConsumerTest"
          device="">
          <div class="test-detail">
            <p class="name">ECS001_ECS007_ECS008_ECS009_validateNewlyCreatedConsumerOnSearchPage</p>
            <p class="text-sm">
              <span>11:15:38 PM</span> / <span>00:00:38:104</span>
              <span class="badge fail-bg log float-right">Fail</span>
            </p>
          </div>
          <div class="test-contents d-none">
<div class="detail-head">
<div class="p-v-10">
<div class="info">
<h5 class="test-status text-fail">ECS001_ECS007_ECS008_ECS009_validateNewlyCreatedConsumerOnSearchPage</h5>
<span class='badge badge-success'>10.10.2023 11:15:38 PM</span>
<span class='badge badge-danger'>10.10.2023 11:16:16 PM</span>
<span class='badge badge-default'>00:00:38:104</span>
&middot; <span class='uri-anchor badge badge-default'>#test-id=1</span>
<span class='badge badge-default pointer float-right ml-1 et'><i class="fa fa-chevron-down"></i></span>
<span class='badge badge-default pointer float-right ct'><i class="fa fa-chevron-up"></i></span>
</div>
<div class="m-t-15"><span class="badge badge-pill badge-default">Defaultsuite</span>
<span class="badge badge-pill badge-default">ConsumerTest</span></div>
<div class="m-t-10 m-l-5">Verify Newly created Consumer in Search Consumer Page with flow verification</div>
</div>
</div><div class="detail-body mt-4">
<table class="table table-sm">
  <thead><tr><th class="status-col">Status</th><th class="timestamp-col">Timestamp</th><th class="details-col">Details</th></tr></thead>
  <tbody>
      <tr class="event-row">
        <td><span class="badge log info-bg">Info</span></td>
        <td>11:15:41 PM</td>
        <td>
          Enter UserName 'admin_SAVEE_QA_Automation' in Login page is successful
        </td>
      </tr>
      <tr class="event-row">
        <td><span class="badge log info-bg">Info</span></td>
        <td>11:15:43 PM</td>
        <td>
          Enter Password 'Savana1#' in Login page is successful
        </td>
      </tr>
      <tr class="event-row">
        <td><span class="badge log info-bg">Info</span></td>
        <td>11:15:54 PM</td>
        <td>
          Click on Login button is successful
        </td>
      </tr>
      <tr class="event-row">
        <td><span class="badge log info-bg">Info</span></td>
        <td>11:15:55 PM</td>
        <td>
          Click on Task button is successful
        </td>
      </tr>
      <tr class="event-row">
        <td><span class="badge log fail-bg">Fail</span></td>
        <td>11:16:16 PM</td>
        <td>
          <textarea readonly class="code-block">org.openqa.selenium.TimeoutException: Expected condition failed: waiting for element to be clickable: By.xpath: //a[@taskkey='Add New Consumer'] (tried for 20 second(s) with 500 milliseconds interval)
Build info: version: '4.11.0', revision: '040bc5406b'
System info: os.name: 'Windows 10', os.arch: 'amd64', os.version: '10.0', java.version: '17.0.1'
Driver info: org.openqa.selenium.chrome.ChromeDriver
Capabilities {acceptInsecureCerts: false, browserName: chrome, browserVersion: 117.0.5938.150, chrome: {chromedriverVersion: 117.0.5938.149 (e3344ddefa1..., userDataDir: C:\Users\nfaruqe\AppData\Lo...}, fedcm:accounts: true, goog:chromeOptions: {debuggerAddress: localhost:61845}, networkConnectionEnabled: false, pageLoadStrategy: normal, platformName: windows, proxy: Proxy(), se:cdp: ws://localhost:61845/devtoo..., se:cdpVersion: 117.0.5938.150, setWindowRect: true, strictFileInteractability: false, timeouts: {implicit: 0, pageLoad: 300000, script: 30000}, unhandledPromptBehavior: dismiss and notify, webauthn:extension:credBlob: true, webauthn:extension:largeBlob: true, webauthn:extension:minPinLength: true, webauthn:extension:prf: true, webauthn:virtualAuthenticators: true}
Session ID: 1569aab388209882c2141b419b75a4ed
	at org.openqa.selenium.support.ui.WebDriverWait.timeoutException(WebDriverWait.java:84)
	at org.openqa.selenium.support.ui.FluentWait.until(FluentWait.java:230)
	at com.qa.ecs.utils.ElementUtil.waitForElementToBeClickable(ElementUtil.java:57)
	at com.qa.ecs.pages.CustomerSearchPage.clickOnAddNewConsumerLink(CustomerSearchPage.java:181)
	at com.qa.ecs.smoke.ConsumerTest.ECS001_ECS007_ECS008_ECS009_validateNewlyCreatedConsumerOnSearchPage(ConsumerTest.java:41)
	at java.base/jdk.internal.reflect.NativeMethodAccessorImpl.invoke0(Native Method)
	at java.base/jdk.internal.reflect.NativeMethodAccessorImpl.invoke(NativeMethodAccessorImpl.java:77)
	at java.base/jdk.internal.reflect.DelegatingMethodAccessorImpl.invoke(DelegatingMethodAccessorImpl.java:43)
	at java.base/java.lang.reflect.Method.invoke(Method.java:568)
	at org.testng.internal.MethodInvocationHelper.invokeMethod(MethodInvocationHelper.java:124)
	at org.testng.internal.Invoker.invokeMethod(Invoker.java:583)
	at org.testng.internal.Invoker.invokeTestMethod(Invoker.java:719)
	at org.testng.internal.Invoker.invokeTestMethods(Invoker.java:989)
	at org.testng.internal.TestMethodWorker.invokeTestMethods(TestMethodWorker.java:125)
	at org.testng.internal.TestMethodWorker.run(TestMethodWorker.java:109)
	at org.testng.TestRunner.privateRun(TestRunner.java:648)
	at org.testng.TestRunner.run(TestRunner.java:505)
	at org.testng.SuiteRunner.runTest(SuiteRunner.java:455)
	at org.testng.SuiteRunner.runSequentially(SuiteRunner.java:450)
	at org.testng.SuiteRunner.privateRun(SuiteRunner.java:415)
	at org.testng.SuiteRunner.run(SuiteRunner.java:364)
	at org.testng.SuiteRunnerWorker.runSuite(SuiteRunnerWorker.java:52)
	at org.testng.SuiteRunnerWorker.run(SuiteRunnerWorker.java:84)
	at org.testng.TestNG.runSuitesSequentially(TestNG.java:1208)
	at org.testng.TestNG.runSuitesLocally(TestNG.java:1137)
	at org.testng.TestNG.runSuites(TestNG.java:1049)
	at org.testng.TestNG.run(TestNG.java:1017)
	at org.testng.remote.AbstractRemoteTestNG.run(AbstractRemoteTestNG.java:115)
	at org.testng.remote.RemoteTestNG.initAndRun(RemoteTestNG.java:251)
	at org.testng.remote.RemoteTestNG.main(RemoteTestNG.java:77)
</textarea>
          
    <div class="row mb-3"><div class="col-md-3">
<img data-featherlight='C:\ProjectWorkspace\ECS\ccbo_smoke_v2/screenshots/1696994176920.png' src="C:\ProjectWorkspace\ECS\ccbo_smoke_v2/screenshots/1696994176920.png">
    
    </div></div>
        </td>
      </tr>
  </tbody>
</table>
</div>
          </div>
        </li>
        <li class="test-item"  status="pass" test-id="2"
          author=""
          tag="Defaultsuite ConsumerTest"
          device="">
          <div class="test-detail">
            <p class="name">ECS002_validateSearchFunctionalityForInvalidConsumer</p>
            <p class="text-sm">
              <span>11:16:24 PM</span> / <span>00:00:43:514</span>
              <span class="badge pass-bg log float-right">Pass</span>
            </p>
          </div>
          <div class="test-contents d-none">
<div class="detail-head">
<div class="p-v-10">
<div class="info">
<h5 class="test-status text-pass">ECS002_validateSearchFunctionalityForInvalidConsumer</h5>
<span class='badge badge-success'>10.10.2023 11:16:24 PM</span>
<span class='badge badge-danger'>10.10.2023 11:17:07 PM</span>
<span class='badge badge-default'>00:00:43:514</span>
&middot; <span class='uri-anchor badge badge-default'>#test-id=2</span>
<span class='badge badge-default pointer float-right ml-1 et'><i class="fa fa-chevron-down"></i></span>
<span class='badge badge-default pointer float-right ct'><i class="fa fa-chevron-up"></i></span>
</div>
<div class="m-t-15"><span class="badge badge-pill badge-default">Defaultsuite</span>
<span class="badge badge-pill badge-default">ConsumerTest</span></div>
<div class="m-t-10 m-l-5">Verify Search Functionality for Invalid Consumer</div>
</div>
</div><div class="detail-body mt-4">
<table class="table table-sm">
  <thead><tr><th class="status-col">Status</th><th class="timestamp-col">Timestamp</th><th class="details-col">Details</th></tr></thead>
  <tbody>
      <tr class="event-row">
        <td><span class="badge log info-bg">Info</span></td>
        <td>11:16:25 PM</td>
        <td>
          Enter UserName 'admin_SAVEE_QA_Automation' in Login page is successful
        </td>
      </tr>
      <tr class="event-row">
        <td><span class="badge log info-bg">Info</span></td>
        <td>11:16:27 PM</td>
        <td>
          Enter Password 'Savana1#' in Login page is successful
        </td>
      </tr>
      <tr class="event-row">
        <td><span class="badge log info-bg">Info</span></td>
        <td>11:17:00 PM</td>
        <td>
          Click on Login button is successful
        </td>
      </tr>
      <tr class="event-row">
        <td><span class="badge log info-bg">Info</span></td>
        <td>11:17:01 PM</td>
        <td>
          Enter 'Test10102023231624' in Search Panel is successful
        </td>
      </tr>
      <tr class="event-row">
        <td><span class="badge log info-bg">Info</span></td>
        <td>11:17:07 PM</td>
        <td>
          Clicked on Search button in Search Panel is successful
        </td>
      </tr>
      <tr class="event-row">
        <td><span class="badge log info-bg">Info</span></td>
        <td>11:17:07 PM</td>
        <td>
          Get Text successfully
        </td>
      </tr>
      <tr class="event-row">
        <td><span class="badge log info-bg">Info</span></td>
        <td>11:17:07 PM</td>
        <td>
          Fetching the Search message No results found. successfully
        </td>
      </tr>
      <tr class="event-row">
        <td><span class="badge log pass-bg">Pass</span></td>
        <td>11:17:07 PM</td>
        <td>
          Successful : ECS002 : Verification Invalid Consumer should not be display on Search Consumer Page
        </td>
      </tr>
      <tr class="event-row">
        <td><span class="badge log pass-bg">Pass</span></td>
        <td>11:17:07 PM</td>
        <td>
          Test passed
        </td>
      </tr>
  </tbody>
</table>
</div>
          </div>
        </li>
        <li class="test-item"  status="fail" test-id="3"
          author=""
          tag="Defaultsuite ConsumerTest"
          device="">
          <div class="test-detail">
            <p class="name">ECS003_validateNewlyCreatedOrganization</p>
            <p class="text-sm">
              <span>11:17:12 PM</span> / <span>00:00:39:051</span>
              <span class="badge fail-bg log float-right">Fail</span>
            </p>
          </div>
          <div class="test-contents d-none">
<div class="detail-head">
<div class="p-v-10">
<div class="info">
<h5 class="test-status text-fail">ECS003_validateNewlyCreatedOrganization</h5>
<span class='badge badge-success'>10.10.2023 11:17:12 PM</span>
<span class='badge badge-danger'>10.10.2023 11:17:51 PM</span>
<span class='badge badge-default'>00:00:39:051</span>
&middot; <span class='uri-anchor badge badge-default'>#test-id=3</span>
<span class='badge badge-default pointer float-right ml-1 et'><i class="fa fa-chevron-down"></i></span>
<span class='badge badge-default pointer float-right ct'><i class="fa fa-chevron-up"></i></span>
</div>
<div class="m-t-15"><span class="badge badge-pill badge-default">Defaultsuite</span>
<span class="badge badge-pill badge-default">ConsumerTest</span></div>
<div class="m-t-10 m-l-5">Verify Newly created Organization in Search Consumer Page</div>
</div>
</div><div class="detail-body mt-4">
<table class="table table-sm">
  <thead><tr><th class="status-col">Status</th><th class="timestamp-col">Timestamp</th><th class="details-col">Details</th></tr></thead>
  <tbody>
      <tr class="event-row">
        <td><span class="badge log info-bg">Info</span></td>
        <td>11:17:13 PM</td>
        <td>
          Enter UserName 'admin_SAVEE_QA_Automation' in Login page is successful
        </td>
      </tr>
      <tr class="event-row">
        <td><span class="badge log info-bg">Info</span></td>
        <td>11:17:14 PM</td>
        <td>
          Enter Password 'Savana1#' in Login page is successful
        </td>
      </tr>
      <tr class="event-row">
        <td><span class="badge log info-bg">Info</span></td>
        <td>11:17:21 PM</td>
        <td>
          Click on Login button is successful
        </td>
      </tr>
      <tr class="event-row">
        <td><span class="badge log info-bg">Info</span></td>
        <td>11:17:22 PM</td>
        <td>
          Click on Task button is successful
        </td>
      </tr>
      <tr class="event-row">
        <td><span class="badge log info-bg">Info</span></td>
        <td>11:17:30 PM</td>
        <td>
          Enter organization name 'Org348231538' in Basic Information page is successful
        </td>
      </tr>
      <tr class="event-row">
        <td><span class="badge log info-bg">Info</span></td>
        <td>11:17:30 PM</td>
        <td>
          Selected SSN taxIdType from Dropdown in Basic Information page is successful
        </td>
      </tr>
      <tr class="event-row">
        <td><span class="badge log info-bg">Info</span></td>
        <td>11:17:38 PM</td>
        <td>
          Enter TaxId '348231538' in Basic Information page is successful
        </td>
      </tr>
      <tr class="event-row">
        <td><span class="badge log info-bg">Info</span></td>
        <td>11:17:39 PM</td>
        <td>
          Click on DBA Name textfield on Basic Information page is successful
        </td>
      </tr>
      <tr class="event-row">
        <td><span class="badge log info-bg">Info</span></td>
        <td>11:17:40 PM</td>
        <td>
          Click on Next button on Basic Information page is successful
        </td>
      </tr>
      <tr class="event-row">
        <td><span class="badge log fail-bg">Fail</span></td>
        <td>11:17:51 PM</td>
        <td>
          Failed while clicking on TaxAddress Checkbox on LocationInformation page
        </td>
      </tr>
      <tr class="event-row">
        <td><span class="badge log fail-bg">Fail</span></td>
        <td>11:17:51 PM</td>
        <td>
          <textarea readonly class="code-block">java.lang.AssertionError: Expected condition failed: waiting for presence of element located by: By.xpath: //input[contains(@class,'NextButton')] (tried for 5 second(s) with 500 milliseconds interval)
	at org.testng.Assert.fail(Assert.java:96)
	at com.qa.ecs.pages.LocationInformation.clickOnTaxAddressCheckbox(LocationInformation.java:72)
	at com.qa.ecs.pages.LocationInformation.enterDataOnLocationInformationPage(LocationInformation.java:225)
	at com.qa.ecs.pages.CustomerSearchPage.createOrganization(CustomerSearchPage.java:390)
	at com.qa.ecs.smoke.ConsumerTest.ECS003_validateNewlyCreatedOrganization(ConsumerTest.java:105)
	at java.base/jdk.internal.reflect.NativeMethodAccessorImpl.invoke0(Native Method)
	at java.base/jdk.internal.reflect.NativeMethodAccessorImpl.invoke(NativeMethodAccessorImpl.java:77)
	at java.base/jdk.internal.reflect.DelegatingMethodAccessorImpl.invoke(DelegatingMethodAccessorImpl.java:43)
	at java.base/java.lang.reflect.Method.invoke(Method.java:568)
	at org.testng.internal.MethodInvocationHelper.invokeMethod(MethodInvocationHelper.java:124)
	at org.testng.internal.Invoker.invokeMethod(Invoker.java:583)
	at org.testng.internal.Invoker.invokeTestMethod(Invoker.java:719)
	at org.testng.internal.Invoker.invokeTestMethods(Invoker.java:989)
	at org.testng.internal.TestMethodWorker.invokeTestMethods(TestMethodWorker.java:125)
	at org.testng.internal.TestMethodWorker.run(TestMethodWorker.java:109)
	at org.testng.TestRunner.privateRun(TestRunner.java:648)
	at org.testng.TestRunner.run(TestRunner.java:505)
	at org.testng.SuiteRunner.runTest(SuiteRunner.java:455)
	at org.testng.SuiteRunner.runSequentially(SuiteRunner.java:450)
	at org.testng.SuiteRunner.privateRun(SuiteRunner.java:415)
	at org.testng.SuiteRunner.run(SuiteRunner.java:364)
	at org.testng.SuiteRunnerWorker.runSuite(SuiteRunnerWorker.java:52)
	at org.testng.SuiteRunnerWorker.run(SuiteRunnerWorker.java:84)
	at org.testng.TestNG.runSuitesSequentially(TestNG.java:1208)
	at org.testng.TestNG.runSuitesLocally(TestNG.java:1137)
	at org.testng.TestNG.runSuites(TestNG.java:1049)
	at org.testng.TestNG.run(TestNG.java:1017)
	at org.testng.remote.AbstractRemoteTestNG.run(AbstractRemoteTestNG.java:115)
	at org.testng.remote.RemoteTestNG.initAndRun(RemoteTestNG.java:251)
	at org.testng.remote.RemoteTestNG.main(RemoteTestNG.java:77)
</textarea>
          
    <div class="row mb-3"><div class="col-md-3">
<img data-featherlight='C:\ProjectWorkspace\ECS\ccbo_smoke_v2/screenshots/1696994271247.png' src="C:\ProjectWorkspace\ECS\ccbo_smoke_v2/screenshots/1696994271247.png">
    
    </div></div>
        </td>
      </tr>
  </tbody>
</table>
</div>
          </div>
        </li>
        <li class="test-item"  status="pass" test-id="4"
          author=""
          tag="Defaultsuite ConsumerTest"
          device="">
          <div class="test-detail">
            <p class="name">ECS004_validateSearchFunctionalityForInvalidOrganization</p>
            <p class="text-sm">
              <span>11:17:55 PM</span> / <span>00:00:20:521</span>
              <span class="badge pass-bg log float-right">Pass</span>
            </p>
          </div>
          <div class="test-contents d-none">
<div class="detail-head">
<div class="p-v-10">
<div class="info">
<h5 class="test-status text-pass">ECS004_validateSearchFunctionalityForInvalidOrganization</h5>
<span class='badge badge-success'>10.10.2023 11:17:55 PM</span>
<span class='badge badge-danger'>10.10.2023 11:18:16 PM</span>
<span class='badge badge-default'>00:00:20:521</span>
&middot; <span class='uri-anchor badge badge-default'>#test-id=4</span>
<span class='badge badge-default pointer float-right ml-1 et'><i class="fa fa-chevron-down"></i></span>
<span class='badge badge-default pointer float-right ct'><i class="fa fa-chevron-up"></i></span>
</div>
<div class="m-t-15"><span class="badge badge-pill badge-default">Defaultsuite</span>
<span class="badge badge-pill badge-default">ConsumerTest</span></div>
<div class="m-t-10 m-l-5">Verify Search Functionality for Invalid Organization</div>
</div>
</div><div class="detail-body mt-4">
<table class="table table-sm">
  <thead><tr><th class="status-col">Status</th><th class="timestamp-col">Timestamp</th><th class="details-col">Details</th></tr></thead>
  <tbody>
      <tr class="event-row">
        <td><span class="badge log info-bg">Info</span></td>
        <td>11:17:57 PM</td>
        <td>
          Enter UserName 'admin_SAVEE_QA_Automation' in Login page is successful
        </td>
      </tr>
      <tr class="event-row">
        <td><span class="badge log info-bg">Info</span></td>
        <td>11:17:58 PM</td>
        <td>
          Enter Password 'Savana1#' in Login page is successful
        </td>
      </tr>
      <tr class="event-row">
        <td><span class="badge log info-bg">Info</span></td>
        <td>11:18:01 PM</td>
        <td>
          Click on Login button is successful
        </td>
      </tr>
      <tr class="event-row">
        <td><span class="badge log info-bg">Info</span></td>
        <td>11:18:03 PM</td>
        <td>
          Click on Consumer Search Icon is successful
        </td>
      </tr>
      <tr class="event-row">
        <td><span class="badge log info-bg">Info</span></td>
        <td>11:18:15 PM</td>
        <td>
          Clicked on Search button in Search Panel is successful
        </td>
      </tr>
      <tr class="event-row">
        <td><span class="badge log info-bg">Info</span></td>
        <td>11:18:16 PM</td>
        <td>
          Get Text successfully
        </td>
      </tr>
      <tr class="event-row">
        <td><span class="badge log info-bg">Info</span></td>
        <td>11:18:16 PM</td>
        <td>
          Fetching the Search message No results found. successfully
        </td>
      </tr>
      <tr class="event-row">
        <td><span class="badge log pass-bg">Pass</span></td>
        <td>11:18:16 PM</td>
        <td>
          Successful : ECS004 : Verification Invalid Organization should not be display on Search Organization Page
        </td>
      </tr>
      <tr class="event-row">
        <td><span class="badge log pass-bg">Pass</span></td>
        <td>11:18:16 PM</td>
        <td>
          Test passed
        </td>
      </tr>
  </tbody>
</table>
</div>
          </div>
        </li>
        <li class="test-item"  status="fail" test-id="5"
          author=""
          tag="Defaultsuite ConsumerTest"
          device="">
          <div class="test-detail">
            <p class="name">ECS005_ECS014_ECS015_validateNewlyCreatedBankingAccountAndNotification</p>
            <p class="text-sm">
              <span>11:18:23 PM</span> / <span>00:02:03:946</span>
              <span class="badge fail-bg log float-right">Fail</span>
            </p>
          </div>
          <div class="test-contents d-none">
<div class="detail-head">
<div class="p-v-10">
<div class="info">
<h5 class="test-status text-fail">ECS005_ECS014_ECS015_validateNewlyCreatedBankingAccountAndNotification</h5>
<span class='badge badge-success'>10.10.2023 11:18:23 PM</span>
<span class='badge badge-danger'>10.10.2023 11:20:27 PM</span>
<span class='badge badge-default'>00:02:03:946</span>
&middot; <span class='uri-anchor badge badge-default'>#test-id=5</span>
<span class='badge badge-default pointer float-right ml-1 et'><i class="fa fa-chevron-down"></i></span>
<span class='badge badge-default pointer float-right ct'><i class="fa fa-chevron-up"></i></span>
</div>
<div class="m-t-15"><span class="badge badge-pill badge-default">Defaultsuite</span>
<span class="badge badge-pill badge-default">ConsumerTest</span></div>
<div class="m-t-10 m-l-5">Verify Newly created Banking Acount Number, created date for Consumer in Account detail Page</div>
</div>
</div><div class="detail-body mt-4">
<table class="table table-sm">
  <thead><tr><th class="status-col">Status</th><th class="timestamp-col">Timestamp</th><th class="details-col">Details</th></tr></thead>
  <tbody>
      <tr class="event-row">
        <td><span class="badge log info-bg">Info</span></td>
        <td>11:18:28 PM</td>
        <td>
          Enter UserName 'admin_SAVEE_QA_Automation' in Login page is successful
        </td>
      </tr>
      <tr class="event-row">
        <td><span class="badge log info-bg">Info</span></td>
        <td>11:18:29 PM</td>
        <td>
          Enter Password 'Savana1#' in Login page is successful
        </td>
      </tr>
      <tr class="event-row">
        <td><span class="badge log info-bg">Info</span></td>
        <td>11:18:32 PM</td>
        <td>
          Click on Login button is successful
        </td>
      </tr>
      <tr class="event-row">
        <td><span class="badge log info-bg">Info</span></td>
        <td>11:18:40 PM</td>
        <td>
          Clicked on Search button in Search Panel is successful
        </td>
      </tr>
      <tr class="event-row">
        <td><span class="badge log info-bg">Info</span></td>
        <td>11:19:28 PM</td>
        <td>
          Click on Next button on AccountDetails page is successful
        </td>
      </tr>
      <tr class="event-row">
        <td><span class="badge log info-bg">Info</span></td>
        <td>11:19:31 PM</td>
        <td>
          Selected Account Relationship Type Primaryfrom Dropdown is successfully
        </td>
      </tr>
      <tr class="event-row">
        <td><span class="badge log info-bg">Info</span></td>
        <td>11:19:33 PM</td>
        <td>
          Click on Next button on RelatedParties page is successful
        </td>
      </tr>
      <tr class="event-row">
        <td><span class="badge log info-bg">Info</span></td>
        <td>11:19:37 PM</td>
        <td>
          Selected account group Bankingfrom Dropdown is successfully
        </td>
      </tr>
      <tr class="event-row">
        <td><span class="badge log info-bg">Info</span></td>
        <td>11:19:43 PM</td>
        <td>
          Selected product type Interest Checking (C2001 - DDA)from Dropdown is successfully
        </td>
      </tr>
      <tr class="event-row">
        <td><span class="badge log info-bg">Info</span></td>
        <td>11:19:48 PM</td>
        <td>
          Selected Department Id 350 - Depositsfrom Dropdown is successfully
        </td>
      </tr>
      <tr class="event-row">
        <td><span class="badge log info-bg">Info</span></td>
        <td>11:19:51 PM</td>
        <td>
          Selected Vertical Vertical 01from Dropdown is successfully
        </td>
      </tr>
      <tr class="event-row">
        <td><span class="badge log info-bg">Info</span></td>
        <td>11:19:55 PM</td>
        <td>
          Click on Next button on PositionDetails page is successful
        </td>
      </tr>
      <tr class="event-row">
        <td><span class="badge log info-bg">Info</span></td>
        <td>11:19:59 PM</td>
        <td>
          Click on submit button on ElectronicAcceptanceDocuments page is successful
        </td>
      </tr>
      <tr class="event-row">
        <td><span class="badge log fail-bg">Fail</span></td>
        <td>11:20:27 PM</td>
        <td>
          Failed while clicking on Consumer Search Icon
        </td>
      </tr>
      <tr class="event-row">
        <td><span class="badge log fail-bg">Fail</span></td>
        <td>11:20:27 PM</td>
        <td>
          <textarea readonly class="code-block">java.lang.AssertionError: no such element: Unable to locate element: {"method":"xpath","selector":"//*[text()='Search Consumer']/following-sibling::div//span"}
  (Session info: chrome=117.0.5938.150)
For documentation on this error, please visit: https://www.selenium.dev/documentation/webdriver/troubleshooting/errors#no-such-element-exception
Build info: version: '4.11.0', revision: '040bc5406b'
System info: os.name: 'Windows 10', os.arch: 'amd64', os.version: '10.0', java.version: '17.0.1'
Driver info: org.openqa.selenium.chrome.ChromeDriver
Command: [c40f7eeb00f7163b0d7c2cd6a21dc4fc, findElement {using=xpath, value=//*[text()='Search Consumer']/following-sibling::div//span}]
Capabilities {acceptInsecureCerts: false, browserName: chrome, browserVersion: 117.0.5938.150, chrome: {chromedriverVersion: 117.0.5938.149 (e3344ddefa1..., userDataDir: C:\Users\nfaruqe\AppData\Lo...}, fedcm:accounts: true, goog:chromeOptions: {debuggerAddress: localhost:61975}, networkConnectionEnabled: false, pageLoadStrategy: normal, platformName: windows, proxy: Proxy(), se:cdp: ws://localhost:61975/devtoo..., se:cdpVersion: 117.0.5938.150, setWindowRect: true, strictFileInteractability: false, timeouts: {implicit: 0, pageLoad: 300000, script: 30000}, unhandledPromptBehavior: dismiss and notify, webauthn:extension:credBlob: true, webauthn:extension:largeBlob: true, webauthn:extension:minPinLength: true, webauthn:extension:prf: true, webauthn:virtualAuthenticators: true}
Session ID: c40f7eeb00f7163b0d7c2cd6a21dc4fc
	at org.testng.Assert.fail(Assert.java:96)
	at com.qa.ecs.pages.CustomerSearchPage.clickOnConsumerSearch(CustomerSearchPage.java:234)
	at com.qa.ecs.smoke.ConsumerTest.ECS005_ECS014_ECS015_validateNewlyCreatedBankingAccountAndNotification(ConsumerTest.java:167)
	at java.base/jdk.internal.reflect.NativeMethodAccessorImpl.invoke0(Native Method)
	at java.base/jdk.internal.reflect.NativeMethodAccessorImpl.invoke(NativeMethodAccessorImpl.java:77)
	at java.base/jdk.internal.reflect.DelegatingMethodAccessorImpl.invoke(DelegatingMethodAccessorImpl.java:43)
	at java.base/java.lang.reflect.Method.invoke(Method.java:568)
	at org.testng.internal.MethodInvocationHelper.invokeMethod(MethodInvocationHelper.java:124)
	at org.testng.internal.Invoker.invokeMethod(Invoker.java:583)
	at org.testng.internal.Invoker.invokeTestMethod(Invoker.java:719)
	at org.testng.internal.Invoker.invokeTestMethods(Invoker.java:989)
	at org.testng.internal.TestMethodWorker.invokeTestMethods(TestMethodWorker.java:125)
	at org.testng.internal.TestMethodWorker.run(TestMethodWorker.java:109)
	at org.testng.TestRunner.privateRun(TestRunner.java:648)
	at org.testng.TestRunner.run(TestRunner.java:505)
	at org.testng.SuiteRunner.runTest(SuiteRunner.java:455)
	at org.testng.SuiteRunner.runSequentially(SuiteRunner.java:450)
	at org.testng.SuiteRunner.privateRun(SuiteRunner.java:415)
	at org.testng.SuiteRunner.run(SuiteRunner.java:364)
	at org.testng.SuiteRunnerWorker.runSuite(SuiteRunnerWorker.java:52)
	at org.testng.SuiteRunnerWorker.run(SuiteRunnerWorker.java:84)
	at org.testng.TestNG.runSuitesSequentially(TestNG.java:1208)
	at org.testng.TestNG.runSuitesLocally(TestNG.java:1137)
	at org.testng.TestNG.runSuites(TestNG.java:1049)
	at org.testng.TestNG.run(TestNG.java:1017)
	at org.testng.remote.AbstractRemoteTestNG.run(AbstractRemoteTestNG.java:115)
	at org.testng.remote.RemoteTestNG.initAndRun(RemoteTestNG.java:251)
	at org.testng.remote.RemoteTestNG.main(RemoteTestNG.java:77)
</textarea>
          
    <div class="row mb-3"><div class="col-md-3">
<img data-featherlight='C:\ProjectWorkspace\ECS\ccbo_smoke_v2/screenshots/1696994427317.png' src="C:\ProjectWorkspace\ECS\ccbo_smoke_v2/screenshots/1696994427317.png">
    
    </div></div>
        </td>
      </tr>
  </tbody>
</table>
</div>
          </div>
        </li>
        <li class="test-item"  status="pass" test-id="6"
          author=""
          tag="Defaultsuite ConsumerTest"
          device="">
          <div class="test-detail">
            <p class="name">ECS006_verifyMessageForInvalidAccountSearch</p>
            <p class="text-sm">
              <span>11:20:33 PM</span> / <span>00:00:24:315</span>
              <span class="badge pass-bg log float-right">Pass</span>
            </p>
          </div>
          <div class="test-contents d-none">
<div class="detail-head">
<div class="p-v-10">
<div class="info">
<h5 class="test-status text-pass">ECS006_verifyMessageForInvalidAccountSearch</h5>
<span class='badge badge-success'>10.10.2023 11:20:33 PM</span>
<span class='badge badge-danger'>10.10.2023 11:20:58 PM</span>
<span class='badge badge-default'>00:00:24:315</span>
&middot; <span class='uri-anchor badge badge-default'>#test-id=6</span>
<span class='badge badge-default pointer float-right ml-1 et'><i class="fa fa-chevron-down"></i></span>
<span class='badge badge-default pointer float-right ct'><i class="fa fa-chevron-up"></i></span>
</div>
<div class="m-t-15"><span class="badge badge-pill badge-default">Defaultsuite</span>
<span class="badge badge-pill badge-default">ConsumerTest</span></div>
<div class="m-t-10 m-l-5">Verify message for account search that doesn't exist</div>
</div>
</div><div class="detail-body mt-4">
<table class="table table-sm">
  <thead><tr><th class="status-col">Status</th><th class="timestamp-col">Timestamp</th><th class="details-col">Details</th></tr></thead>
  <tbody>
      <tr class="event-row">
        <td><span class="badge log info-bg">Info</span></td>
        <td>11:20:35 PM</td>
        <td>
          Enter UserName 'admin_SAVEE_QA_Automation' in Login page is successful
        </td>
      </tr>
      <tr class="event-row">
        <td><span class="badge log info-bg">Info</span></td>
        <td>11:20:36 PM</td>
        <td>
          Enter Password 'Savana1#' in Login page is successful
        </td>
      </tr>
      <tr class="event-row">
        <td><span class="badge log info-bg">Info</span></td>
        <td>11:20:39 PM</td>
        <td>
          Click on Login button is successful
        </td>
      </tr>
      <tr class="event-row">
        <td><span class="badge log info-bg">Info</span></td>
        <td>11:20:42 PM</td>
        <td>
          Click on Consumer Search Icon is successful
        </td>
      </tr>
      <tr class="event-row">
        <td><span class="badge log info-bg">Info</span></td>
        <td>11:20:57 PM</td>
        <td>
          Clicked on Search button in Search Panel is successful
        </td>
      </tr>
      <tr class="event-row">
        <td><span class="badge log info-bg">Info</span></td>
        <td>11:20:58 PM</td>
        <td>
          Get Text successfully
        </td>
      </tr>
      <tr class="event-row">
        <td><span class="badge log info-bg">Info</span></td>
        <td>11:20:58 PM</td>
        <td>
          Fetching the Search message No matching account record found. successfully
        </td>
      </tr>
      <tr class="event-row">
        <td><span class="badge log pass-bg">Pass</span></td>
        <td>11:20:58 PM</td>
        <td>
          Successful : ECS006: Verification of message for invalid account: 101023232033 in Search Consumer Page is succesful
        </td>
      </tr>
      <tr class="event-row">
        <td><span class="badge log pass-bg">Pass</span></td>
        <td>11:20:58 PM</td>
        <td>
          Test passed
        </td>
      </tr>
  </tbody>
</table>
</div>
          </div>
        </li>
        <li class="test-item"  status="pass" test-id="7"
          author=""
          tag="Defaultsuite ConsumerTest"
          device="">
          <div class="test-detail">
            <p class="name">ECS010_ECS011_ECS012_ECS013_validateNewlyCreatedMultipositionAccountNumberProductTypeAndPopupSuccessMsg</p>
            <p class="text-sm">
              <span>11:21:03 PM</span> / <span>00:02:37:279</span>
              <span class="badge pass-bg log float-right">Pass</span>
            </p>
          </div>
          <div class="test-contents d-none">
<div class="detail-head">
<div class="p-v-10">
<div class="info">
<h5 class="test-status text-pass">ECS010_ECS011_ECS012_ECS013_validateNewlyCreatedMultipositionAccountNumberProductTypeAndPopupSuccessMsg</h5>
<span class='badge badge-success'>10.10.2023 11:21:03 PM</span>
<span class='badge badge-danger'>10.10.2023 11:23:41 PM</span>
<span class='badge badge-default'>00:02:37:279</span>
&middot; <span class='uri-anchor badge badge-default'>#test-id=7</span>
<span class='badge badge-default pointer float-right ml-1 et'><i class="fa fa-chevron-down"></i></span>
<span class='badge badge-default pointer float-right ct'><i class="fa fa-chevron-up"></i></span>
</div>
<div class="m-t-15"><span class="badge badge-pill badge-default">Defaultsuite</span>
<span class="badge badge-pill badge-default">ConsumerTest</span></div>
<div class="m-t-10 m-l-5">Verify Newly created multi position Acount Number, ProductType And Popup Success Message for Consumer having last name 'Test' in Customer Detail Page</div>
</div>
</div><div class="detail-body mt-4">
<table class="table table-sm">
  <thead><tr><th class="status-col">Status</th><th class="timestamp-col">Timestamp</th><th class="details-col">Details</th></tr></thead>
  <tbody>
      <tr class="event-row">
        <td><span class="badge log info-bg">Info</span></td>
        <td>11:21:05 PM</td>
        <td>
          Enter UserName 'admin_SAVEE_QA_Automation' in Login page is successful
        </td>
      </tr>
      <tr class="event-row">
        <td><span class="badge log info-bg">Info</span></td>
        <td>11:21:07 PM</td>
        <td>
          Enter Password 'Savana1#' in Login page is successful
        </td>
      </tr>
      <tr class="event-row">
        <td><span class="badge log info-bg">Info</span></td>
        <td>11:21:11 PM</td>
        <td>
          Click on Login button is successful
        </td>
      </tr>
      <tr class="event-row">
        <td><span class="badge log info-bg">Info</span></td>
        <td>11:21:22 PM</td>
        <td>
          Clicked on Search button in Search Panel is successful
        </td>
      </tr>
      <tr class="event-row">
        <td><span class="badge log info-bg">Info</span></td>
        <td>11:21:46 PM</td>
        <td>
          Click on Next button on AccountDetails page is successful
        </td>
      </tr>
      <tr class="event-row">
        <td><span class="badge log info-bg">Info</span></td>
        <td>11:21:49 PM</td>
        <td>
          Selected Account Relationship Type Primaryfrom Dropdown is successfully
        </td>
      </tr>
      <tr class="event-row">
        <td><span class="badge log info-bg">Info</span></td>
        <td>11:21:51 PM</td>
        <td>
          Click on Next button on RelatedParties page is successful
        </td>
      </tr>
      <tr class="event-row">
        <td><span class="badge log info-bg">Info</span></td>
        <td>11:21:55 PM</td>
        <td>
          Selected account group Multi-Positionfrom Dropdown is successfully
        </td>
      </tr>
      <tr class="event-row">
        <td><span class="badge log info-bg">Info</span></td>
        <td>11:22:01 PM</td>
        <td>
          Selected product type Personal Savings (P2011 - SDA)from Dropdown is successfully
        </td>
      </tr>
      <tr class="event-row">
        <td><span class="badge log info-bg">Info</span></td>
        <td>11:22:03 PM</td>
        <td>
          Get Text successfully
        </td>
      </tr>
      <tr class="event-row">
        <td><span class="badge log pass-bg">Pass</span></td>
        <td>11:22:03 PM</td>
        <td>
          Successful : ECS010: Verification of First position info: Position 1 is successful.
        </td>
      </tr>
      <tr class="event-row">
        <td><span class="badge log info-bg">Info</span></td>
        <td>11:22:07 PM</td>
        <td>
          Selected Department Id 350 - Depositsfrom Dropdown is successfully
        </td>
      </tr>
      <tr class="event-row">
        <td><span class="badge log info-bg">Info</span></td>
        <td>11:22:10 PM</td>
        <td>
          Selected Vertical Vertical 01from Dropdown is successfully
        </td>
      </tr>
      <tr class="event-row">
        <td><span class="badge log info-bg">Info</span></td>
        <td>11:22:16 PM</td>
        <td>
          Click on Add AdditionalPositionLink on PositionDetails page is successful
        </td>
      </tr>
      <tr class="event-row">
        <td><span class="badge log info-bg">Info</span></td>
        <td>11:22:17 PM</td>
        <td>
          Get Text successfully
        </td>
      </tr>
      <tr class="event-row">
        <td><span class="badge log pass-bg">Pass</span></td>
        <td>11:22:17 PM</td>
        <td>
          Successful : ECS010: Verification of Second position info: Position 2 is successful.
        </td>
      </tr>
      <tr class="event-row">
        <td><span class="badge log info-bg">Info</span></td>
        <td>11:22:23 PM</td>
        <td>
          Selected product type Interest Checking (C2001 - DDA)from Dropdown is successfully
        </td>
      </tr>
      <tr class="event-row">
        <td><span class="badge log info-bg">Info</span></td>
        <td>11:22:28 PM</td>
        <td>
          Selected Department Id 350 - Depositsfrom Dropdown is successfully
        </td>
      </tr>
      <tr class="event-row">
        <td><span class="badge log info-bg">Info</span></td>
        <td>11:22:30 PM</td>
        <td>
          Selected Vertical Vertical 01from Dropdown is successfully
        </td>
      </tr>
      <tr class="event-row">
        <td><span class="badge log info-bg">Info</span></td>
        <td>11:22:36 PM</td>
        <td>
          Click on Add AdditionalPositionLink on PositionDetails page is successful
        </td>
      </tr>
      <tr class="event-row">
        <td><span class="badge log info-bg">Info</span></td>
        <td>11:22:37 PM</td>
        <td>
          Get Text successfully
        </td>
      </tr>
      <tr class="event-row">
        <td><span class="badge log pass-bg">Pass</span></td>
        <td>11:22:37 PM</td>
        <td>
          Successful : ECS011: Verification of third position info: Position 3 is successful.
        </td>
      </tr>
      <tr class="event-row">
        <td><span class="badge log info-bg">Info</span></td>
        <td>11:22:43 PM</td>
        <td>
          Selected product type 6 Month Compounding-Personal (P3006 - CDA)from Dropdown is successfully
        </td>
      </tr>
      <tr class="event-row">
        <td><span class="badge log info-bg">Info</span></td>
        <td>11:22:49 PM</td>
        <td>
          Selected Department Id 350 - Depositsfrom Dropdown is successfully
        </td>
      </tr>
      <tr class="event-row">
        <td><span class="badge log info-bg">Info</span></td>
        <td>11:22:52 PM</td>
        <td>
          Selected Vertical Vertical 01from Dropdown is successfully
        </td>
      </tr>
      <tr class="event-row">
        <td><span class="badge log info-bg">Info</span></td>
        <td>11:22:56 PM</td>
        <td>
          Click on Next button on PositionDetails page is successful
        </td>
      </tr>
      <tr class="event-row">
        <td><span class="badge log info-bg">Info</span></td>
        <td>11:23:16 PM</td>
        <td>
          Selected AgreementCodePlusVersion type 8765-98from Dropdown is successfully
        </td>
      </tr>
      <tr class="event-row">
        <td><span class="badge log pass-bg">Pass</span></td>
        <td>11:23:17 PM</td>
        <td>
          Successful : ECS012: Verification of Add Additional Document section is displayed successfully
        </td>
      </tr>
      <tr class="event-row">
        <td><span class="badge log info-bg">Info</span></td>
        <td>11:23:19 PM</td>
        <td>
          Click on submit button on ElectronicAcceptanceDocuments page is successful
        </td>
      </tr>
      <tr class="event-row">
        <td><span class="badge log info-bg">Info</span></td>
        <td>11:23:30 PM</td>
        <td>
          Get Text successfully
        </td>
      </tr>
      <tr class="event-row">
        <td><span class="badge log info-bg">Info</span></td>
        <td>11:23:30 PM</td>
        <td>
          Fetching Account Number in Customer Details page is successful
        </td>
      </tr>
      <tr class="event-row">
        <td><span class="badge log pass-bg">Pass</span></td>
        <td>11:23:30 PM</td>
        <td>
          Successful : ECS013: Verification of account number: 000000003449 from Customer detail page after multiposition account created is successful
        </td>
      </tr>
      <tr class="event-row">
        <td><span class="badge log info-bg">Info</span></td>
        <td>11:23:36 PM</td>
        <td>
          Get Text successfully
        </td>
      </tr>
      <tr class="event-row">
        <td><span class="badge log info-bg">Info</span></td>
        <td>11:23:36 PM</td>
        <td>
          Fetching Multi Positon Account Number for position 1 in Customer Details page is successful
        </td>
      </tr>
      <tr class="event-row">
        <td><span class="badge log info-bg">Info</span></td>
        <td>11:23:37 PM</td>
        <td>
          Get Text successfully
        </td>
      </tr>
      <tr class="event-row">
        <td><span class="badge log info-bg">Info</span></td>
        <td>11:23:37 PM</td>
        <td>
          Fetching Multi Positon Account Number for position 2 in Customer Details page is successful
        </td>
      </tr>
      <tr class="event-row">
        <td><span class="badge log info-bg">Info</span></td>
        <td>11:23:38 PM</td>
        <td>
          Get Text successfully
        </td>
      </tr>
      <tr class="event-row">
        <td><span class="badge log info-bg">Info</span></td>
        <td>11:23:38 PM</td>
        <td>
          Fetching Multi Positon Account Number for position 3 in Customer Details page is successful
        </td>
      </tr>
      <tr class="event-row">
        <td><span class="badge log info-bg">Info</span></td>
        <td>11:23:39 PM</td>
        <td>
          Get Text successfully
        </td>
      </tr>
      <tr class="event-row">
        <td><span class="badge log info-bg">Info</span></td>
        <td>11:23:39 PM</td>
        <td>
          Fetching Multi Positon Product Type Name for position 1 in Customer Details page is successful
        </td>
      </tr>
      <tr class="event-row">
        <td><span class="badge log info-bg">Info</span></td>
        <td>11:23:40 PM</td>
        <td>
          Get Text successfully
        </td>
      </tr>
      <tr class="event-row">
        <td><span class="badge log info-bg">Info</span></td>
        <td>11:23:40 PM</td>
        <td>
          Fetching Multi Positon Product Type Name for position 2 in Customer Details page is successful
        </td>
      </tr>
      <tr class="event-row">
        <td><span class="badge log info-bg">Info</span></td>
        <td>11:23:41 PM</td>
        <td>
          Get Text successfully
        </td>
      </tr>
      <tr class="event-row">
        <td><span class="badge log info-bg">Info</span></td>
        <td>11:23:41 PM</td>
        <td>
          Fetching Multi Positon Product Type Name for position 3 in Customer Details page is successful
        </td>
      </tr>
      <tr class="event-row">
        <td><span class="badge log pass-bg">Pass</span></td>
        <td>11:23:41 PM</td>
        <td>
          Successful : ECS013: Verification of First Account number00000000344901 for Multi Position Account is successful
        </td>
      </tr>
      <tr class="event-row">
        <td><span class="badge log pass-bg">Pass</span></td>
        <td>11:23:41 PM</td>
        <td>
          Successful : ECS013: Verification of Second Account number00000000344902 for Multi Position Account is successful
        </td>
      </tr>
      <tr class="event-row">
        <td><span class="badge log pass-bg">Pass</span></td>
        <td>11:23:41 PM</td>
        <td>
          Successful : ECS013: Verification of Third Account number 00000000344903 for Multi Position Account is successful
        </td>
      </tr>
      <tr class="event-row">
        <td><span class="badge log pass-bg">Pass</span></td>
        <td>11:23:41 PM</td>
        <td>
          Successful : ECS013: Verification of first product type Personal Savingsis successful
        </td>
      </tr>
      <tr class="event-row">
        <td><span class="badge log pass-bg">Pass</span></td>
        <td>11:23:41 PM</td>
        <td>
          Successful : ECS013: Verification of second product type Interest Checkingis successful
        </td>
      </tr>
      <tr class="event-row">
        <td><span class="badge log pass-bg">Pass</span></td>
        <td>11:23:41 PM</td>
        <td>
          Successful : ECS013: Verification of third product type 6 Month Compounding-Personalis successful
        </td>
      </tr>
      <tr class="event-row">
        <td><span class="badge log pass-bg">Pass</span></td>
        <td>11:23:41 PM</td>
        <td>
          Test passed
        </td>
      </tr>
  </tbody>
</table>
</div>
          </div>
        </li>
        <li class="test-item"  status="fail" test-id="8"
          author=""
          tag="Defaultsuite ConsumerTest"
          device="">
          <div class="test-detail">
            <p class="name">ECS016_ECS017_ECS018_validateAddRelatedPartyCaseClosed</p>
            <p class="text-sm">
              <span>11:23:45 PM</span> / <span>00:02:58:895</span>
              <span class="badge fail-bg log float-right">Fail</span>
            </p>
          </div>
          <div class="test-contents d-none">
<div class="detail-head">
<div class="p-v-10">
<div class="info">
<h5 class="test-status text-fail">ECS016_ECS017_ECS018_validateAddRelatedPartyCaseClosed</h5>
<span class='badge badge-success'>10.10.2023 11:23:45 PM</span>
<span class='badge badge-danger'>10.10.2023 11:26:44 PM</span>
<span class='badge badge-default'>00:02:58:895</span>
&middot; <span class='uri-anchor badge badge-default'>#test-id=8</span>
<span class='badge badge-default pointer float-right ml-1 et'><i class="fa fa-chevron-down"></i></span>
<span class='badge badge-default pointer float-right ct'><i class="fa fa-chevron-up"></i></span>
</div>
<div class="m-t-15"><span class="badge badge-pill badge-default">Defaultsuite</span>
<span class="badge badge-pill badge-default">ConsumerTest</span></div>
<div class="m-t-10 m-l-5">Verify add account related party text IsDisplayed, case number, case type, case statusand Add Account Related Party name, Relationship Type and Added Date</div>
</div>
</div><div class="detail-body mt-4">
<table class="table table-sm">
  <thead><tr><th class="status-col">Status</th><th class="timestamp-col">Timestamp</th><th class="details-col">Details</th></tr></thead>
  <tbody>
      <tr class="event-row">
        <td><span class="badge log info-bg">Info</span></td>
        <td>11:23:46 PM</td>
        <td>
          Enter UserName 'admin_SAVEE_QA_Automation' in Login page is successful
        </td>
      </tr>
      <tr class="event-row">
        <td><span class="badge log info-bg">Info</span></td>
        <td>11:23:48 PM</td>
        <td>
          Enter Password 'Savana1#' in Login page is successful
        </td>
      </tr>
      <tr class="event-row">
        <td><span class="badge log info-bg">Info</span></td>
        <td>11:23:50 PM</td>
        <td>
          Click on Login button is successful
        </td>
      </tr>
      <tr class="event-row">
        <td><span class="badge log info-bg">Info</span></td>
        <td>11:23:53 PM</td>
        <td>
          Click on Search Consumer drop down arrow is successful
        </td>
      </tr>
      <tr class="event-row">
        <td><span class="badge log info-bg">Info</span></td>
        <td>11:24:05 PM</td>
        <td>
          Clicked on Search button in Search Panel is successful
        </td>
      </tr>
      <tr class="event-row">
        <td><span class="badge log info-bg">Info</span></td>
        <td>11:24:05 PM</td>
        <td>
          Get Text successfully
        </td>
      </tr>
      <tr class="event-row">
        <td><span class="badge log info-bg">Info</span></td>
        <td>11:24:05 PM</td>
        <td>
          Fetching the Search message  successfully
        </td>
      </tr>
      <tr class="event-row">
        <td><span class="badge log info-bg">Info</span></td>
        <td>11:24:09 PM</td>
        <td>
          Click on Search Organization drop down arrow is successful
        </td>
      </tr>
      <tr class="event-row">
        <td><span class="badge log pass-bg">Pass</span></td>
        <td>11:24:47 PM</td>
        <td>
          Successful : ECS016: Verification of 'Add Account Related Party Link' is displayed successfully
        </td>
      </tr>
      <tr class="event-row">
        <td><span class="badge log pass-bg">Pass</span></td>
        <td>11:24:51 PM</td>
        <td>
          Successful : ECS016: Verification of 'Add Account Related Party Title' is displayed successfully
        </td>
      </tr>
      <tr class="event-row">
        <td><span class="badge log pass-bg">Pass</span></td>
        <td>11:25:14 PM</td>
        <td>
          Successful : ECS017: Verification of TestOrg is displayed in search result for add organization for add account related party is successful
        </td>
      </tr>
      <tr class="event-row">
        <td><span class="badge log info-bg">Info</span></td>
        <td>11:25:27 PM</td>
        <td>
          Get Text successfully
        </td>
      </tr>
      <tr class="event-row">
        <td><span class="badge log info-bg">Info</span></td>
        <td>11:25:42 PM</td>
        <td>
          Get Text successfully
        </td>
      </tr>
      <tr class="event-row">
        <td><span class="badge log info-bg">Info</span></td>
        <td>11:26:26 PM</td>
        <td>
          Get Text successfully
        </td>
      </tr>
      <tr class="event-row">
        <td><span class="badge log info-bg">Info</span></td>
        <td>11:26:27 PM</td>
        <td>
          Get Text successfully
        </td>
      </tr>
      <tr class="event-row">
        <td><span class="badge log info-bg">Info</span></td>
        <td>11:26:29 PM</td>
        <td>
          Get Text successfully
        </td>
      </tr>
      <tr class="event-row">
        <td><span class="badge log pass-bg">Pass</span></td>
        <td>11:26:29 PM</td>
        <td>
          Successful : ECS018: Verification of case number 1057247 is successful
        </td>
      </tr>
      <tr class="event-row">
        <td><span class="badge log pass-bg">Pass</span></td>
        <td>11:26:29 PM</td>
        <td>
          Successful : ECS018: Verification of case type Add Account Related Party is successful
        </td>
      </tr>
      <tr class="event-row">
        <td><span class="badge log pass-bg">Pass</span></td>
        <td>11:26:29 PM</td>
        <td>
          Successful : ECS018: Verification of status Closed is successful
        </td>
      </tr>
      <tr class="event-row">
        <td><span class="badge log fail-bg">Fail</span></td>
        <td>11:26:44 PM</td>
        <td>
          <textarea readonly class="code-block">org.openqa.selenium.NoSuchElementException: no such element: Unable to locate element: {"method":"xpath","selector":"//table[contains(@class,'TableRecords ExpandableRows')]"}
  (Session info: chrome=117.0.5938.150)
For documentation on this error, please visit: https://www.selenium.dev/documentation/webdriver/troubleshooting/errors#no-such-element-exception
Build info: version: '4.11.0', revision: '040bc5406b'
System info: os.name: 'Windows 10', os.arch: 'amd64', os.version: '10.0', java.version: '17.0.1'
Driver info: org.openqa.selenium.chrome.ChromeDriver
Command: [c8a7310e86281765f28a8c1b323b5097, findElement {using=xpath, value=//table[contains(@class,'TableRecords ExpandableRows')]}]
Capabilities {acceptInsecureCerts: false, browserName: chrome, browserVersion: 117.0.5938.150, chrome: {chromedriverVersion: 117.0.5938.149 (e3344ddefa1..., userDataDir: C:\Users\nfaruqe\AppData\Lo...}, fedcm:accounts: true, goog:chromeOptions: {debuggerAddress: localhost:62087}, networkConnectionEnabled: false, pageLoadStrategy: normal, platformName: windows, proxy: Proxy(), se:cdp: ws://localhost:62087/devtoo..., se:cdpVersion: 117.0.5938.150, setWindowRect: true, strictFileInteractability: false, timeouts: {implicit: 0, pageLoad: 300000, script: 30000}, unhandledPromptBehavior: dismiss and notify, webauthn:extension:credBlob: true, webauthn:extension:largeBlob: true, webauthn:extension:minPinLength: true, webauthn:extension:prf: true, webauthn:virtualAuthenticators: true}
Session ID: c8a7310e86281765f28a8c1b323b5097
	at jdk.internal.reflect.GeneratedConstructorAccessor34.newInstance(Unknown Source)
	at java.base/jdk.internal.reflect.DelegatingConstructorAccessorImpl.newInstance(DelegatingConstructorAccessorImpl.java:45)
	at java.base/java.lang.reflect.Constructor.newInstanceWithCaller(Constructor.java:499)
	at java.base/java.lang.reflect.Constructor.newInstance(Constructor.java:480)
	at org.openqa.selenium.remote.codec.w3c.W3CHttpResponseCodec.createException(W3CHttpResponseCodec.java:200)
	at org.openqa.selenium.remote.codec.w3c.W3CHttpResponseCodec.decode(W3CHttpResponseCodec.java:133)
	at org.openqa.selenium.remote.codec.w3c.W3CHttpResponseCodec.decode(W3CHttpResponseCodec.java:52)
	at org.openqa.selenium.remote.HttpCommandExecutor.execute(HttpCommandExecutor.java:191)
	at org.openqa.selenium.remote.service.DriverCommandExecutor.invokeExecute(DriverCommandExecutor.java:196)
	at org.openqa.selenium.remote.service.DriverCommandExecutor.execute(DriverCommandExecutor.java:171)
	at org.openqa.selenium.remote.RemoteWebDriver.execute(RemoteWebDriver.java:518)
	at org.openqa.selenium.remote.ElementLocation$ElementFinder$2.findElement(ElementLocation.java:165)
	at org.openqa.selenium.remote.ElementLocation.findElement(ElementLocation.java:59)
	at org.openqa.selenium.remote.RemoteWebDriver.findElement(RemoteWebDriver.java:355)
	at org.openqa.selenium.remote.RemoteWebDriver.findElement(RemoteWebDriver.java:349)
	at com.qa.ecs.utils.ElementUtil.getElement(ElementUtil.java:317)
	at com.qa.ecs.commonelements.Tables.getValueFromTable(Tables.java:137)
	at com.qa.ecs.pages.CustomerDetail.getValueFromResultTableWithExpandableRows(CustomerDetail.java:378)
	at com.qa.ecs.smoke.ConsumerTest.ECS016_ECS017_ECS018_validateAddRelatedPartyCaseClosed(ConsumerTest.java:421)
	at java.base/jdk.internal.reflect.NativeMethodAccessorImpl.invoke0(Native Method)
	at java.base/jdk.internal.reflect.NativeMethodAccessorImpl.invoke(NativeMethodAccessorImpl.java:77)
	at java.base/jdk.internal.reflect.DelegatingMethodAccessorImpl.invoke(DelegatingMethodAccessorImpl.java:43)
	at java.base/java.lang.reflect.Method.invoke(Method.java:568)
	at org.testng.internal.MethodInvocationHelper.invokeMethod(MethodInvocationHelper.java:124)
	at org.testng.internal.Invoker.invokeMethod(Invoker.java:583)
	at org.testng.internal.Invoker.invokeTestMethod(Invoker.java:719)
	at org.testng.internal.Invoker.invokeTestMethods(Invoker.java:989)
	at org.testng.internal.TestMethodWorker.invokeTestMethods(TestMethodWorker.java:125)
	at org.testng.internal.TestMethodWorker.run(TestMethodWorker.java:109)
	at org.testng.TestRunner.privateRun(TestRunner.java:648)
	at org.testng.TestRunner.run(TestRunner.java:505)
	at org.testng.SuiteRunner.runTest(SuiteRunner.java:455)
	at org.testng.SuiteRunner.runSequentially(SuiteRunner.java:450)
	at org.testng.SuiteRunner.privateRun(SuiteRunner.java:415)
	at org.testng.SuiteRunner.run(SuiteRunner.java:364)
	at org.testng.SuiteRunnerWorker.runSuite(SuiteRunnerWorker.java:52)
	at org.testng.SuiteRunnerWorker.run(SuiteRunnerWorker.java:84)
	at org.testng.TestNG.runSuitesSequentially(TestNG.java:1208)
	at org.testng.TestNG.runSuitesLocally(TestNG.java:1137)
	at org.testng.TestNG.runSuites(TestNG.java:1049)
	at org.testng.TestNG.run(TestNG.java:1017)
	at org.testng.remote.AbstractRemoteTestNG.run(AbstractRemoteTestNG.java:115)
	at org.testng.remote.RemoteTestNG.initAndRun(RemoteTestNG.java:251)
	at org.testng.remote.RemoteTestNG.main(RemoteTestNG.java:77)
</textarea>
          
    <div class="row mb-3"><div class="col-md-3">
<img data-featherlight='C:\ProjectWorkspace\ECS\ccbo_smoke_v2/screenshots/1696994804304.png' src="C:\ProjectWorkspace\ECS\ccbo_smoke_v2/screenshots/1696994804304.png">
    
    </div></div>
        </td>
      </tr>
  </tbody>
</table>
</div>
          </div>
        </li>
        <li class="test-item"  status="pass" test-id="9"
          author=""
          tag="Defaultsuite ConsumerTest"
          device="">
          <div class="test-detail">
            <p class="name">ECS019_ECS020_ECS021_ECS022_validateBeneficiary</p>
            <p class="text-sm">
              <span>11:26:55 PM</span> / <span>00:02:54:787</span>
              <span class="badge pass-bg log float-right">Pass</span>
            </p>
          </div>
          <div class="test-contents d-none">
<div class="detail-head">
<div class="p-v-10">
<div class="info">
<h5 class="test-status text-pass">ECS019_ECS020_ECS021_ECS022_validateBeneficiary</h5>
<span class='badge badge-success'>10.10.2023 11:26:55 PM</span>
<span class='badge badge-danger'>10.10.2023 11:29:50 PM</span>
<span class='badge badge-default'>00:02:54:787</span>
&middot; <span class='uri-anchor badge badge-default'>#test-id=9</span>
<span class='badge badge-default pointer float-right ml-1 et'><i class="fa fa-chevron-down"></i></span>
<span class='badge badge-default pointer float-right ct'><i class="fa fa-chevron-up"></i></span>
</div>
<div class="m-t-15"><span class="badge badge-pill badge-default">Defaultsuite</span>
<span class="badge badge-pill badge-default">ConsumerTest</span></div>
<div class="m-t-10 m-l-5">Verification Beneficiary block after create an account with ownership Revocable Trust</div>
</div>
</div><div class="detail-body mt-4">
<table class="table table-sm">
  <thead><tr><th class="status-col">Status</th><th class="timestamp-col">Timestamp</th><th class="details-col">Details</th></tr></thead>
  <tbody>
      <tr class="event-row">
        <td><span class="badge log info-bg">Info</span></td>
        <td>11:26:56 PM</td>
        <td>
          Enter UserName 'admin_SAVEE_QA_Automation' in Login page is successful
        </td>
      </tr>
      <tr class="event-row">
        <td><span class="badge log info-bg">Info</span></td>
        <td>11:26:58 PM</td>
        <td>
          Enter Password 'Savana1#' in Login page is successful
        </td>
      </tr>
      <tr class="event-row">
        <td><span class="badge log info-bg">Info</span></td>
        <td>11:27:01 PM</td>
        <td>
          Click on Login button is successful
        </td>
      </tr>
      <tr class="event-row">
        <td><span class="badge log info-bg">Info</span></td>
        <td>11:27:09 PM</td>
        <td>
          Clicked on Search button in Search Panel is successful
        </td>
      </tr>
      <tr class="event-row">
        <td><span class="badge log info-bg">Info</span></td>
        <td>11:27:40 PM</td>
        <td>
          Click on Next button on AccountDetails page is successful
        </td>
      </tr>
      <tr class="event-row">
        <td><span class="badge log info-bg">Info</span></td>
        <td>11:27:43 PM</td>
        <td>
          Selected account ownership 20 - Revocable Trustfrom Dropdown is successfully
        </td>
      </tr>
      <tr class="event-row">
        <td><span class="badge log info-bg">Info</span></td>
        <td>11:27:46 PM</td>
        <td>
          Selected Account Relationship Type Primaryfrom Dropdown is successfully
        </td>
      </tr>
      <tr class="event-row">
        <td><span class="badge log info-bg">Info</span></td>
        <td>11:27:48 PM</td>
        <td>
          Click on Next button on RelatedParties page is successful
        </td>
      </tr>
      <tr class="event-row">
        <td><span class="badge log info-bg">Info</span></td>
        <td>11:27:52 PM</td>
        <td>
          Selected account group Bankingfrom Dropdown is successfully
        </td>
      </tr>
      <tr class="event-row">
        <td><span class="badge log info-bg">Info</span></td>
        <td>11:27:57 PM</td>
        <td>
          Selected product type Personal Savings (P2001 - SDA)from Dropdown is successfully
        </td>
      </tr>
      <tr class="event-row">
        <td><span class="badge log info-bg">Info</span></td>
        <td>11:28:03 PM</td>
        <td>
          Selected Department Id 350 - Depositsfrom Dropdown is successfully
        </td>
      </tr>
      <tr class="event-row">
        <td><span class="badge log info-bg">Info</span></td>
        <td>11:28:06 PM</td>
        <td>
          Selected Vertical Vertical 01from Dropdown is successfully
        </td>
      </tr>
      <tr class="event-row">
        <td><span class="badge log info-bg">Info</span></td>
        <td>11:28:10 PM</td>
        <td>
          Click on Next button on PositionDetails page is successful
        </td>
      </tr>
      <tr class="event-row">
        <td><span class="badge log info-bg">Info</span></td>
        <td>11:28:22 PM</td>
        <td>
          Click on submit button on ElectronicAcceptanceDocuments page is successful
        </td>
      </tr>
      <tr class="event-row">
        <td><span class="badge log pass-bg">Pass</span></td>
        <td>11:29:08 PM</td>
        <td>
          Successful : ECS019: Verification of 'Add Beneficiary Title' is displayed successfully
        </td>
      </tr>
      <tr class="event-row">
        <td><span class="badge log pass-bg">Pass</span></td>
        <td>11:29:22 PM</td>
        <td>
          Successful : ECS020: Verification of 'Modify Beneficiaries Title' is displayed successfully
        </td>
      </tr>
      <tr class="event-row">
        <td><span class="badge log info-bg">Info</span></td>
        <td>11:29:35 PM</td>
        <td>
          Get Text successfully
        </td>
      </tr>
      <tr class="event-row">
        <td><span class="badge log pass-bg">Pass</span></td>
        <td>11:29:36 PM</td>
        <td>
          Successful : ECS021: Verification of Popup Success Message: Account beneficiaries successfully modified. is displayed successfully.
        </td>
      </tr>
      <tr class="event-row">
        <td><span class="badge log info-bg">Info</span></td>
        <td>11:29:45 PM</td>
        <td>
          Get Text successfully
        </td>
      </tr>
      <tr class="event-row">
        <td><span class="badge log info-bg">Info</span></td>
        <td>11:29:47 PM</td>
        <td>
          Get Text successfully
        </td>
      </tr>
      <tr class="event-row">
        <td><span class="badge log info-bg">Info</span></td>
        <td>11:29:48 PM</td>
        <td>
          Get Text successfully
        </td>
      </tr>
      <tr class="event-row">
        <td><span class="badge log info-bg">Info</span></td>
        <td>11:29:50 PM</td>
        <td>
          Get Text successfully
        </td>
      </tr>
      <tr class="event-row">
        <td><span class="badge log pass-bg">Pass</span></td>
        <td>11:29:50 PM</td>
        <td>
          Successful : ECS022: Verification of Beneficiary Party Name Auto Test is successful
        </td>
      </tr>
      <tr class="event-row">
        <td><span class="badge log pass-bg">Pass</span></td>
        <td>11:29:50 PM</td>
        <td>
          Successful : ECS022: Verification of Relationship type Beneficiary is successful
        </td>
      </tr>
      <tr class="event-row">
        <td><span class="badge log pass-bg">Pass</span></td>
        <td>11:29:50 PM</td>
        <td>
          Successful : ECS022: Verification of added date for add account related party: 10/10/2023 is successful
        </td>
      </tr>
      <tr class="event-row">
        <td><span class="badge log pass-bg">Pass</span></td>
        <td>11:29:50 PM</td>
        <td>
          Successful : ECS022: Verification of added date for add account related party: 100.00% is successful
        </td>
      </tr>
      <tr class="event-row">
        <td><span class="badge log pass-bg">Pass</span></td>
        <td>11:29:50 PM</td>
        <td>
          Test passed
        </td>
      </tr>
  </tbody>
</table>
</div>
          </div>
        </li>
        <li class="test-item"  status="fail" test-id="10"
          author=""
          tag="Defaultsuite ConsumerTest"
          device="">
          <div class="test-detail">
            <p class="name">ECS023_validateCreditPostTransactionForPersonalSavingAccount</p>
            <p class="text-sm">
              <span>11:29:55 PM</span> / <span>00:06:44:608</span>
              <span class="badge fail-bg log float-right">Fail</span>
            </p>
          </div>
          <div class="test-contents d-none">
<div class="detail-head">
<div class="p-v-10">
<div class="info">
<h5 class="test-status text-fail">ECS023_validateCreditPostTransactionForPersonalSavingAccount</h5>
<span class='badge badge-success'>10.10.2023 11:29:55 PM</span>
<span class='badge badge-danger'>10.10.2023 11:36:40 PM</span>
<span class='badge badge-default'>00:06:44:608</span>
&middot; <span class='uri-anchor badge badge-default'>#test-id=10</span>
<span class='badge badge-default pointer float-right ml-1 et'><i class="fa fa-chevron-down"></i></span>
<span class='badge badge-default pointer float-right ct'><i class="fa fa-chevron-up"></i></span>
</div>
<div class="m-t-15"><span class="badge badge-pill badge-default">Defaultsuite</span>
<span class="badge badge-pill badge-default">ConsumerTest</span></div>
<div class="m-t-10 m-l-5">Verify of Post Transaction for Personal Saving Account With Credited Amount</div>
</div>
</div><div class="detail-body mt-4">
<table class="table table-sm">
  <thead><tr><th class="status-col">Status</th><th class="timestamp-col">Timestamp</th><th class="details-col">Details</th></tr></thead>
  <tbody>
      <tr class="event-row">
        <td><span class="badge log info-bg">Info</span></td>
        <td>11:29:57 PM</td>
        <td>
          Enter UserName 'admin_SAVEE_QA_Automation' in Login page is successful
        </td>
      </tr>
      <tr class="event-row">
        <td><span class="badge log info-bg">Info</span></td>
        <td>11:29:59 PM</td>
        <td>
          Enter Password 'Savana1#' in Login page is successful
        </td>
      </tr>
      <tr class="event-row">
        <td><span class="badge log info-bg">Info</span></td>
        <td>11:30:01 PM</td>
        <td>
          Click on Login button is successful
        </td>
      </tr>
      <tr class="event-row">
        <td><span class="badge log info-bg">Info</span></td>
        <td>11:30:10 PM</td>
        <td>
          Clicked on Search button in Search Panel is successful
        </td>
      </tr>
      <tr class="event-row">
        <td><span class="badge log fail-bg">Fail</span></td>
        <td>11:36:41 PM</td>
        <td>
          <textarea readonly class="code-block">org.openqa.selenium.NoSuchElementException: no such element: Unable to locate element: {"method":"xpath","selector":"//a[text()='Post a Transaction']"}
  (Session info: chrome=117.0.5938.150)
For documentation on this error, please visit: https://www.selenium.dev/documentation/webdriver/troubleshooting/errors#no-such-element-exception
Build info: version: '4.11.0', revision: '040bc5406b'
System info: os.name: 'Windows 10', os.arch: 'amd64', os.version: '10.0', java.version: '17.0.1'
Driver info: org.openqa.selenium.chrome.ChromeDriver
Command: [002728456c3f0ceb5436efe3fc4f18d0, findElement {using=xpath, value=//a[text()='Post a Transaction']}]
Capabilities {acceptInsecureCerts: false, browserName: chrome, browserVersion: 117.0.5938.150, chrome: {chromedriverVersion: 117.0.5938.149 (e3344ddefa1..., userDataDir: C:\Users\nfaruqe\AppData\Lo...}, fedcm:accounts: true, goog:chromeOptions: {debuggerAddress: localhost:62208}, networkConnectionEnabled: false, pageLoadStrategy: normal, platformName: windows, proxy: Proxy(), se:cdp: ws://localhost:62208/devtoo..., se:cdpVersion: 117.0.5938.150, setWindowRect: true, strictFileInteractability: false, timeouts: {implicit: 0, pageLoad: 300000, script: 30000}, unhandledPromptBehavior: dismiss and notify, webauthn:extension:credBlob: true, webauthn:extension:largeBlob: true, webauthn:extension:minPinLength: true, webauthn:extension:prf: true, webauthn:virtualAuthenticators: true}
Session ID: 002728456c3f0ceb5436efe3fc4f18d0
	at jdk.internal.reflect.GeneratedConstructorAccessor34.newInstance(Unknown Source)
	at java.base/jdk.internal.reflect.DelegatingConstructorAccessorImpl.newInstance(DelegatingConstructorAccessorImpl.java:45)
	at java.base/java.lang.reflect.Constructor.newInstanceWithCaller(Constructor.java:499)
	at java.base/java.lang.reflect.Constructor.newInstance(Constructor.java:480)
	at org.openqa.selenium.remote.codec.w3c.W3CHttpResponseCodec.createException(W3CHttpResponseCodec.java:200)
	at org.openqa.selenium.remote.codec.w3c.W3CHttpResponseCodec.decode(W3CHttpResponseCodec.java:133)
	at org.openqa.selenium.remote.codec.w3c.W3CHttpResponseCodec.decode(W3CHttpResponseCodec.java:52)
	at org.openqa.selenium.remote.HttpCommandExecutor.execute(HttpCommandExecutor.java:191)
	at org.openqa.selenium.remote.service.DriverCommandExecutor.invokeExecute(DriverCommandExecutor.java:196)
	at org.openqa.selenium.remote.service.DriverCommandExecutor.execute(DriverCommandExecutor.java:171)
	at org.openqa.selenium.remote.RemoteWebDriver.execute(RemoteWebDriver.java:518)
	at org.openqa.selenium.remote.ElementLocation$ElementFinder$2.findElement(ElementLocation.java:165)
	at org.openqa.selenium.remote.ElementLocation.findElement(ElementLocation.java:59)
	at org.openqa.selenium.remote.RemoteWebDriver.findElement(RemoteWebDriver.java:355)
	at org.openqa.selenium.remote.RemoteWebDriver.findElement(RemoteWebDriver.java:349)
	at com.qa.ecs.utils.JavaScriptUtil.scrollIntoView(JavaScriptUtil.java:129)
	at com.qa.ecs.pages.CommonWidget.clickOnTaskLinkText(CommonWidget.java:212)
	at com.qa.ecs.pages.CommonWidget.postTransaction(CommonWidget.java:500)
	at com.qa.ecs.smoke.ConsumerTest.ECS023_validateCreditPostTransactionForPersonalSavingAccount(ConsumerTest.java:520)
	at java.base/jdk.internal.reflect.NativeMethodAccessorImpl.invoke0(Native Method)
	at java.base/jdk.internal.reflect.NativeMethodAccessorImpl.invoke(NativeMethodAccessorImpl.java:77)
	at java.base/jdk.internal.reflect.DelegatingMethodAccessorImpl.invoke(DelegatingMethodAccessorImpl.java:43)
	at java.base/java.lang.reflect.Method.invoke(Method.java:568)
	at org.testng.internal.MethodInvocationHelper.invokeMethod(MethodInvocationHelper.java:124)
	at org.testng.internal.Invoker.invokeMethod(Invoker.java:583)
	at org.testng.internal.Invoker.invokeTestMethod(Invoker.java:719)
	at org.testng.internal.Invoker.invokeTestMethods(Invoker.java:989)
	at org.testng.internal.TestMethodWorker.invokeTestMethods(TestMethodWorker.java:125)
	at org.testng.internal.TestMethodWorker.run(TestMethodWorker.java:109)
	at org.testng.TestRunner.privateRun(TestRunner.java:648)
	at org.testng.TestRunner.run(TestRunner.java:505)
	at org.testng.SuiteRunner.runTest(SuiteRunner.java:455)
	at org.testng.SuiteRunner.runSequentially(SuiteRunner.java:450)
	at org.testng.SuiteRunner.privateRun(SuiteRunner.java:415)
	at org.testng.SuiteRunner.run(SuiteRunner.java:364)
	at org.testng.SuiteRunnerWorker.runSuite(SuiteRunnerWorker.java:52)
	at org.testng.SuiteRunnerWorker.run(SuiteRunnerWorker.java:84)
	at org.testng.TestNG.runSuitesSequentially(TestNG.java:1208)
	at org.testng.TestNG.runSuitesLocally(TestNG.java:1137)
	at org.testng.TestNG.runSuites(TestNG.java:1049)
	at org.testng.TestNG.run(TestNG.java:1017)
	at org.testng.remote.AbstractRemoteTestNG.run(AbstractRemoteTestNG.java:115)
	at org.testng.remote.RemoteTestNG.initAndRun(RemoteTestNG.java:251)
	at org.testng.remote.RemoteTestNG.main(RemoteTestNG.java:77)
</textarea>
          
    <div class="row mb-3"><div class="col-md-3">
<img data-featherlight='C:\ProjectWorkspace\ECS\ccbo_smoke_v2/screenshots/1696995401437.png' src="C:\ProjectWorkspace\ECS\ccbo_smoke_v2/screenshots/1696995401437.png">
    
    </div></div>
        </td>
      </tr>
  </tbody>
</table>
</div>
          </div>
        </li>
        <li class="test-item"  status="pass" test-id="11"
          author=""
          tag="Defaultsuite ConsumerTest"
          device="">
          <div class="test-detail">
            <p class="name">ECS024_validateDebitPostTransactionForPersonalSavingAccount</p>
            <p class="text-sm">
              <span>11:36:54 PM</span> / <span>00:04:04:197</span>
              <span class="badge pass-bg log float-right">Pass</span>
            </p>
          </div>
          <div class="test-contents d-none">
<div class="detail-head">
<div class="p-v-10">
<div class="info">
<h5 class="test-status text-pass">ECS024_validateDebitPostTransactionForPersonalSavingAccount</h5>
<span class='badge badge-success'>10.10.2023 11:36:54 PM</span>
<span class='badge badge-danger'>10.10.2023 11:40:58 PM</span>
<span class='badge badge-default'>00:04:04:197</span>
&middot; <span class='uri-anchor badge badge-default'>#test-id=11</span>
<span class='badge badge-default pointer float-right ml-1 et'><i class="fa fa-chevron-down"></i></span>
<span class='badge badge-default pointer float-right ct'><i class="fa fa-chevron-up"></i></span>
</div>
<div class="m-t-15"><span class="badge badge-pill badge-default">Defaultsuite</span>
<span class="badge badge-pill badge-default">ConsumerTest</span></div>
<div class="m-t-10 m-l-5">Verify of Post Transaction for Personal Saving Account With Debited Amount</div>
</div>
</div><div class="detail-body mt-4">
<table class="table table-sm">
  <thead><tr><th class="status-col">Status</th><th class="timestamp-col">Timestamp</th><th class="details-col">Details</th></tr></thead>
  <tbody>
      <tr class="event-row">
        <td><span class="badge log info-bg">Info</span></td>
        <td>11:36:57 PM</td>
        <td>
          Enter UserName 'admin_SAVEE_QA_Automation' in Login page is successful
        </td>
      </tr>
      <tr class="event-row">
        <td><span class="badge log info-bg">Info</span></td>
        <td>11:36:59 PM</td>
        <td>
          Enter Password 'Savana1#' in Login page is successful
        </td>
      </tr>
      <tr class="event-row">
        <td><span class="badge log info-bg">Info</span></td>
        <td>11:37:02 PM</td>
        <td>
          Click on Login button is successful
        </td>
      </tr>
      <tr class="event-row">
        <td><span class="badge log info-bg">Info</span></td>
        <td>11:37:10 PM</td>
        <td>
          Clicked on Search button in Search Panel is successful
        </td>
      </tr>
      <tr class="event-row">
        <td><span class="badge log info-bg">Info</span></td>
        <td>11:39:34 PM</td>
        <td>
          Selected transaction code Savings Miscellaneous Debit from Dropdown is successfully
        </td>
      </tr>
      <tr class="event-row">
        <td><span class="badge log info-bg">Info</span></td>
        <td>11:40:55 PM</td>
        <td>
          Get Text successfully
        </td>
      </tr>
      <tr class="event-row">
        <td><span class="badge log pass-bg">Pass</span></td>
        <td>11:40:55 PM</td>
        <td>
          Successful : ECS024 : Verification of Account Balance when Post Transaction with Savings Miscellaneous Debit for Single Account
        </td>
      </tr>
      <tr class="event-row">
        <td><span class="badge log info-bg">Info</span></td>
        <td>11:40:56 PM</td>
        <td>
          Get Text successfully
        </td>
      </tr>
      <tr class="event-row">
        <td><span class="badge log pass-bg">Pass</span></td>
        <td>11:40:56 PM</td>
        <td>
          Successful : ECS024 : Verification of Debit Transaction when Post Transaction with Savings Miscellaneous Debit for Single Account 
        </td>
      </tr>
      <tr class="event-row">
        <td><span class="badge log info-bg">Info</span></td>
        <td>11:40:58 PM</td>
        <td>
          Get Text successfully
        </td>
      </tr>
      <tr class="event-row">
        <td><span class="badge log pass-bg">Pass</span></td>
        <td>11:40:58 PM</td>
        <td>
          Successful : ECS024 : Verification of Ending Balance Transaction when Post Transaction with Savings Miscellaneous Debit for Single Account 
        </td>
      </tr>
      <tr class="event-row">
        <td><span class="badge log pass-bg">Pass</span></td>
        <td>11:40:58 PM</td>
        <td>
          Test passed
        </td>
      </tr>
  </tbody>
</table>
</div>
          </div>
        </li>
        <li class="test-item"  status="fail" test-id="12"
          author=""
          tag="Defaultsuite ConsumerTest"
          device="">
          <div class="test-detail">
            <p class="name">ECS025_validateCreditPostTransactionForMultiPositionAccount</p>
            <p class="text-sm">
              <span>11:41:14 PM</span> / <span>00:00:12:096</span>
              <span class="badge fail-bg log float-right">Fail</span>
            </p>
          </div>
          <div class="test-contents d-none">
<div class="detail-head">
<div class="p-v-10">
<div class="info">
<h5 class="test-status text-fail">ECS025_validateCreditPostTransactionForMultiPositionAccount</h5>
<span class='badge badge-success'>10.10.2023 11:41:14 PM</span>
<span class='badge badge-danger'>10.10.2023 11:41:26 PM</span>
<span class='badge badge-default'>00:00:12:096</span>
&middot; <span class='uri-anchor badge badge-default'>#test-id=12</span>
<span class='badge badge-default pointer float-right ml-1 et'><i class="fa fa-chevron-down"></i></span>
<span class='badge badge-default pointer float-right ct'><i class="fa fa-chevron-up"></i></span>
</div>
<div class="m-t-15"><span class="badge badge-pill badge-default">Defaultsuite</span>
<span class="badge badge-pill badge-default">ConsumerTest</span></div>
<div class="m-t-10 m-l-5">Verify of Post Transaction for Multi Position Account With Credited Amount</div>
</div>
</div><div class="detail-body mt-4">
<table class="table table-sm">
  <thead><tr><th class="status-col">Status</th><th class="timestamp-col">Timestamp</th><th class="details-col">Details</th></tr></thead>
  <tbody>
      <tr class="event-row">
        <td><span class="badge log fail-bg">Fail</span></td>
        <td>11:41:27 PM</td>
        <td>
          <textarea readonly class="code-block">java.lang.NullPointerException: Cannot invoke "java.util.List.get(int)" because the return value of "com.qa.ecs.pojo.response.MultiPositionAccount.getAcctPartyRels()" is null
	at com.qa.ecs.apiUtils.APIDataManager.getAccountNumber(APIDataManager.java:15)
	at com.qa.ecs.smoke.ConsumerTest.ECS025_validateCreditPostTransactionForMultiPositionAccount(ConsumerTest.java:1299)
	at java.base/jdk.internal.reflect.NativeMethodAccessorImpl.invoke0(Native Method)
	at java.base/jdk.internal.reflect.NativeMethodAccessorImpl.invoke(NativeMethodAccessorImpl.java:77)
	at java.base/jdk.internal.reflect.DelegatingMethodAccessorImpl.invoke(DelegatingMethodAccessorImpl.java:43)
	at java.base/java.lang.reflect.Method.invoke(Method.java:568)
	at org.testng.internal.MethodInvocationHelper.invokeMethod(MethodInvocationHelper.java:124)
	at org.testng.internal.Invoker.invokeMethod(Invoker.java:583)
	at org.testng.internal.Invoker.invokeTestMethod(Invoker.java:719)
	at org.testng.internal.Invoker.invokeTestMethods(Invoker.java:989)
	at org.testng.internal.TestMethodWorker.invokeTestMethods(TestMethodWorker.java:125)
	at org.testng.internal.TestMethodWorker.run(TestMethodWorker.java:109)
	at org.testng.TestRunner.privateRun(TestRunner.java:648)
	at org.testng.TestRunner.run(TestRunner.java:505)
	at org.testng.SuiteRunner.runTest(SuiteRunner.java:455)
	at org.testng.SuiteRunner.runSequentially(SuiteRunner.java:450)
	at org.testng.SuiteRunner.privateRun(SuiteRunner.java:415)
	at org.testng.SuiteRunner.run(SuiteRunner.java:364)
	at org.testng.SuiteRunnerWorker.runSuite(SuiteRunnerWorker.java:52)
	at org.testng.SuiteRunnerWorker.run(SuiteRunnerWorker.java:84)
	at org.testng.TestNG.runSuitesSequentially(TestNG.java:1208)
	at org.testng.TestNG.runSuitesLocally(TestNG.java:1137)
	at org.testng.TestNG.runSuites(TestNG.java:1049)
	at org.testng.TestNG.run(TestNG.java:1017)
	at org.testng.remote.AbstractRemoteTestNG.run(AbstractRemoteTestNG.java:115)
	at org.testng.remote.RemoteTestNG.initAndRun(RemoteTestNG.java:251)
	at org.testng.remote.RemoteTestNG.main(RemoteTestNG.java:77)
</textarea>
          
    <div class="row mb-3"><div class="col-md-3">
<img data-featherlight='C:\ProjectWorkspace\ECS\ccbo_smoke_v2/screenshots/1696995687389.png' src="C:\ProjectWorkspace\ECS\ccbo_smoke_v2/screenshots/1696995687389.png">
    
    </div></div>
        </td>
      </tr>
  </tbody>
</table>
</div>
          </div>
        </li>
        <li class="test-item"  status="fail" test-id="13"
          author=""
          tag="Defaultsuite ConsumerTest"
          device="">
          <div class="test-detail">
            <p class="name">ECS026_validateDebitPostTransactionForMultiPositionAccount</p>
            <p class="text-sm">
              <span>11:41:47 PM</span> / <span>00:00:00:989</span>
              <span class="badge fail-bg log float-right">Fail</span>
            </p>
          </div>
          <div class="test-contents d-none">
<div class="detail-head">
<div class="p-v-10">
<div class="info">
<h5 class="test-status text-fail">ECS026_validateDebitPostTransactionForMultiPositionAccount</h5>
<span class='badge badge-success'>10.10.2023 11:41:47 PM</span>
<span class='badge badge-danger'>10.10.2023 11:41:48 PM</span>
<span class='badge badge-default'>00:00:00:989</span>
&middot; <span class='uri-anchor badge badge-default'>#test-id=13</span>
<span class='badge badge-default pointer float-right ml-1 et'><i class="fa fa-chevron-down"></i></span>
<span class='badge badge-default pointer float-right ct'><i class="fa fa-chevron-up"></i></span>
</div>
<div class="m-t-15"><span class="badge badge-pill badge-default">Defaultsuite</span>
<span class="badge badge-pill badge-default">ConsumerTest</span></div>
<div class="m-t-10 m-l-5">Verify of Post Transaction for Multi Position Account With Debited Amount</div>
</div>
</div><div class="detail-body mt-4">
<table class="table table-sm">
  <thead><tr><th class="status-col">Status</th><th class="timestamp-col">Timestamp</th><th class="details-col">Details</th></tr></thead>
  <tbody>
      <tr class="event-row">
        <td><span class="badge log fail-bg">Fail</span></td>
        <td>11:41:49 PM</td>
        <td>
          <textarea readonly class="code-block">java.lang.NullPointerException: Cannot invoke "java.util.List.get(int)" because the return value of "com.qa.ecs.pojo.response.MultiPositionAccount.getCreatedAccounts()" is null
	at com.qa.ecs.api.ecsAPIs.addFundToAccountAPI(ecsAPIs.java:218)
	at com.qa.ecs.api.ecsAPIs.addMultiPositionAccountToConsumerAPI(ecsAPIs.java:247)
	at com.qa.ecs.smoke.ConsumerTest.ECS026_validateDebitPostTransactionForMultiPositionAccount(ConsumerTest.java:1329)
	at java.base/jdk.internal.reflect.NativeMethodAccessorImpl.invoke0(Native Method)
	at java.base/jdk.internal.reflect.NativeMethodAccessorImpl.invoke(NativeMethodAccessorImpl.java:77)
	at java.base/jdk.internal.reflect.DelegatingMethodAccessorImpl.invoke(DelegatingMethodAccessorImpl.java:43)
	at java.base/java.lang.reflect.Method.invoke(Method.java:568)
	at org.testng.internal.MethodInvocationHelper.invokeMethod(MethodInvocationHelper.java:124)
	at org.testng.internal.Invoker.invokeMethod(Invoker.java:583)
	at org.testng.internal.Invoker.invokeTestMethod(Invoker.java:719)
	at org.testng.internal.Invoker.invokeTestMethods(Invoker.java:989)
	at org.testng.internal.TestMethodWorker.invokeTestMethods(TestMethodWorker.java:125)
	at org.testng.internal.TestMethodWorker.run(TestMethodWorker.java:109)
	at org.testng.TestRunner.privateRun(TestRunner.java:648)
	at org.testng.TestRunner.run(TestRunner.java:505)
	at org.testng.SuiteRunner.runTest(SuiteRunner.java:455)
	at org.testng.SuiteRunner.runSequentially(SuiteRunner.java:450)
	at org.testng.SuiteRunner.privateRun(SuiteRunner.java:415)
	at org.testng.SuiteRunner.run(SuiteRunner.java:364)
	at org.testng.SuiteRunnerWorker.runSuite(SuiteRunnerWorker.java:52)
	at org.testng.SuiteRunnerWorker.run(SuiteRunnerWorker.java:84)
	at org.testng.TestNG.runSuitesSequentially(TestNG.java:1208)
	at org.testng.TestNG.runSuitesLocally(TestNG.java:1137)
	at org.testng.TestNG.runSuites(TestNG.java:1049)
	at org.testng.TestNG.run(TestNG.java:1017)
	at org.testng.remote.AbstractRemoteTestNG.run(AbstractRemoteTestNG.java:115)
	at org.testng.remote.RemoteTestNG.initAndRun(RemoteTestNG.java:251)
	at org.testng.remote.RemoteTestNG.main(RemoteTestNG.java:77)
</textarea>
          
    <div class="row mb-3"><div class="col-md-3">
<img data-featherlight='C:\ProjectWorkspace\ECS\ccbo_smoke_v2/screenshots/1696995709186.png' src="C:\ProjectWorkspace\ECS\ccbo_smoke_v2/screenshots/1696995709186.png">
    
    </div></div>
        </td>
      </tr>
  </tbody>
</table>
</div>
          </div>
        </li>
        <li class="test-item"  status="fail" test-id="14"
          author=""
          tag="Defaultsuite ConsumerTest"
          device="">
          <div class="test-detail">
            <p class="name">ECS027_validateT_Account</p>
            <p class="text-sm">
              <span>11:42:09 PM</span> / <span>00:12:38:208</span>
              <span class="badge fail-bg log float-right">Fail</span>
            </p>
          </div>
          <div class="test-contents d-none">
<div class="detail-head">
<div class="p-v-10">
<div class="info">
<h5 class="test-status text-fail">ECS027_validateT_Account</h5>
<span class='badge badge-success'>10.10.2023 11:42:09 PM</span>
<span class='badge badge-danger'>10.10.2023 11:54:47 PM</span>
<span class='badge badge-default'>00:12:38:208</span>
&middot; <span class='uri-anchor badge badge-default'>#test-id=14</span>
<span class='badge badge-default pointer float-right ml-1 et'><i class="fa fa-chevron-down"></i></span>
<span class='badge badge-default pointer float-right ct'><i class="fa fa-chevron-up"></i></span>
</div>
<div class="m-t-15"><span class="badge badge-pill badge-default">Defaultsuite</span>
<span class="badge badge-pill badge-default">ConsumerTest</span></div>
<div class="m-t-10 m-l-5">Verify of T-Account for Personal Saving Account With Credited Amount</div>
</div>
</div><div class="detail-body mt-4">
<table class="table table-sm">
  <thead><tr><th class="status-col">Status</th><th class="timestamp-col">Timestamp</th><th class="details-col">Details</th></tr></thead>
  <tbody>
      <tr class="event-row">
        <td><span class="badge log info-bg">Info</span></td>
        <td>11:42:21 PM</td>
        <td>
          Enter UserName 'admin_SAVEE_QA_Automation' in Login page is successful
        </td>
      </tr>
      <tr class="event-row">
        <td><span class="badge log info-bg">Info</span></td>
        <td>11:42:24 PM</td>
        <td>
          Enter Password 'Savana1#' in Login page is successful
        </td>
      </tr>
      <tr class="event-row">
        <td><span class="badge log info-bg">Info</span></td>
        <td>11:42:29 PM</td>
        <td>
          Click on Login button is successful
        </td>
      </tr>
      <tr class="event-row">
        <td><span class="badge log info-bg">Info</span></td>
        <td>11:42:52 PM</td>
        <td>
          Clicked on Search button in Search Panel is successful
        </td>
      </tr>
      <tr class="event-row">
        <td><span class="badge log fail-bg">Fail</span></td>
        <td>11:57:03 PM</td>
        <td>
          <textarea readonly class="code-block">org.openqa.selenium.remote.UnreachableBrowserException: Error communicating with the remote browser. It may have died.
Build info: version: '4.11.0', revision: '040bc5406b'
System info: os.name: 'Windows 10', os.arch: 'amd64', os.version: '10.0', java.version: '17.0.1'
Driver info: org.openqa.selenium.chrome.ChromeDriver
Command: [e206c50e621ba4211bb8f7489c7e7904, executeScript [script, args]]
Capabilities {acceptInsecureCerts: false, browserName: chrome, browserVersion: 117.0.5938.150, chrome: {chromedriverVersion: 117.0.5938.149 (e3344ddefa1..., userDataDir: C:\Users\nfaruqe\AppData\Lo...}, fedcm:accounts: true, goog:chromeOptions: {debuggerAddress: localhost:62541}, networkConnectionEnabled: false, pageLoadStrategy: normal, platformName: windows, proxy: Proxy(), se:cdp: ws://localhost:62541/devtoo..., se:cdpVersion: 117.0.5938.150, setWindowRect: true, strictFileInteractability: false, timeouts: {implicit: 0, pageLoad: 300000, script: 30000}, unhandledPromptBehavior: dismiss and notify, webauthn:extension:credBlob: true, webauthn:extension:largeBlob: true, webauthn:extension:minPinLength: true, webauthn:extension:prf: true, webauthn:virtualAuthenticators: true}
Session ID: e206c50e621ba4211bb8f7489c7e7904
	at org.openqa.selenium.remote.RemoteWebDriver.execute(RemoteWebDriver.java:545)
	at org.openqa.selenium.remote.RemoteWebDriver.executeScript(RemoteWebDriver.java:463)
	at com.qa.ecs.utils.JavaScriptUtil.scrollPageDown(JavaScriptUtil.java:101)
	at com.qa.ecs.pages.CustomerDetail.clickOnText(CustomerDetail.java:597)
	at com.qa.ecs.smoke.ConsumerTest.ECS027_validateT_Account(ConsumerTest.java:1370)
	at java.base/jdk.internal.reflect.NativeMethodAccessorImpl.invoke0(Native Method)
	at java.base/jdk.internal.reflect.NativeMethodAccessorImpl.invoke(NativeMethodAccessorImpl.java:77)
	at java.base/jdk.internal.reflect.DelegatingMethodAccessorImpl.invoke(DelegatingMethodAccessorImpl.java:43)
	at java.base/java.lang.reflect.Method.invoke(Method.java:568)
	at org.testng.internal.MethodInvocationHelper.invokeMethod(MethodInvocationHelper.java:124)
	at org.testng.internal.Invoker.invokeMethod(Invoker.java:583)
	at org.testng.internal.Invoker.invokeTestMethod(Invoker.java:719)
	at org.testng.internal.Invoker.invokeTestMethods(Invoker.java:989)
	at org.testng.internal.TestMethodWorker.invokeTestMethods(TestMethodWorker.java:125)
	at org.testng.internal.TestMethodWorker.run(TestMethodWorker.java:109)
	at org.testng.TestRunner.privateRun(TestRunner.java:648)
	at org.testng.TestRunner.run(TestRunner.java:505)
	at org.testng.SuiteRunner.runTest(SuiteRunner.java:455)
	at org.testng.SuiteRunner.runSequentially(SuiteRunner.java:450)
	at org.testng.SuiteRunner.privateRun(SuiteRunner.java:415)
	at org.testng.SuiteRunner.run(SuiteRunner.java:364)
	at org.testng.SuiteRunnerWorker.runSuite(SuiteRunnerWorker.java:52)
	at org.testng.SuiteRunnerWorker.run(SuiteRunnerWorker.java:84)
	at org.testng.TestNG.runSuitesSequentially(TestNG.java:1208)
	at org.testng.TestNG.runSuitesLocally(TestNG.java:1137)
	at org.testng.TestNG.runSuites(TestNG.java:1049)
	at org.testng.TestNG.run(TestNG.java:1017)
	at org.testng.remote.AbstractRemoteTestNG.run(AbstractRemoteTestNG.java:115)
	at org.testng.remote.RemoteTestNG.initAndRun(RemoteTestNG.java:251)
	at org.testng.remote.RemoteTestNG.main(RemoteTestNG.java:77)
Caused by: java.lang.RuntimeException: NettyHttpHandler request execution error
	at org.openqa.selenium.remote.http.netty.NettyHttpHandler.makeCall(NettyHttpHandler.java:76)
	at org.openqa.selenium.remote.http.AddSeleniumUserAgent.lambda$apply$0(AddSeleniumUserAgent.java:42)
	at org.openqa.selenium.remote.http.Filter.lambda$andFinally$1(Filter.java:55)
	at org.openqa.selenium.remote.http.netty.NettyHttpHandler.execute(NettyHttpHandler.java:48)
	at org.openqa.selenium.remote.http.netty.NettyClient.execute(NettyClient.java:96)
	at org.openqa.selenium.remote.HttpCommandExecutor.execute(HttpCommandExecutor.java:188)
	at org.openqa.selenium.remote.service.DriverCommandExecutor.invokeExecute(DriverCommandExecutor.java:196)
	at org.openqa.selenium.remote.service.DriverCommandExecutor.execute(DriverCommandExecutor.java:171)
	at org.openqa.selenium.remote.RemoteWebDriver.execute(RemoteWebDriver.java:518)
	... 29 more
Caused by: java.util.concurrent.ExecutionException: java.util.concurrent.TimeoutException: Request timeout to localhost/127.0.0.1:27188 after 180000 ms
	at java.base/java.util.concurrent.CompletableFuture.reportGet(CompletableFuture.java:396)
	at java.base/java.util.concurrent.CompletableFuture.get(CompletableFuture.java:2096)
	at org.asynchttpclient.netty.NettyResponseFuture.get(NettyResponseFuture.java:206)
	at org.openqa.selenium.remote.http.netty.NettyHttpHandler.makeCall(NettyHttpHandler.java:59)
	... 37 more
Caused by: java.util.concurrent.TimeoutException: Request timeout to localhost/127.0.0.1:27188 after 180000 ms
	at org.asynchttpclient.netty.timeout.TimeoutTimerTask.expire(TimeoutTimerTask.java:43)
	at org.asynchttpclient.netty.timeout.RequestTimeoutTimerTask.run(RequestTimeoutTimerTask.java:50)
	at io.netty.util.HashedWheelTimer$HashedWheelTimeout.run(HashedWheelTimer.java:715)
	at io.netty.util.concurrent.ImmediateExecutor.execute(ImmediateExecutor.java:34)
	at io.netty.util.HashedWheelTimer$HashedWheelTimeout.expire(HashedWheelTimer.java:703)
	at io.netty.util.HashedWheelTimer$HashedWheelBucket.expireTimeouts(HashedWheelTimer.java:790)
	at io.netty.util.HashedWheelTimer$Worker.run(HashedWheelTimer.java:503)
	at io.netty.util.concurrent.FastThreadLocalRunnable.run(FastThreadLocalRunnable.java:30)
	at java.base/java.lang.Thread.run(Thread.java:833)
</textarea>
          
    <div class="row mb-3"><div class="col-md-3">
<img data-featherlight='C:\ProjectWorkspace\ECS\ccbo_smoke_v2/screenshots/1696996623297.png' src="C:\ProjectWorkspace\ECS\ccbo_smoke_v2/screenshots/1696996623297.png">
    
    </div></div>
        </td>
      </tr>
  </tbody>
</table>
</div>
          </div>
        </li>
      </ul>
    </div>
  </div>
<div class="test-content scrollable">
<div class="test-content-tools">
<ul><li><a class="back-to-test" href="#"><i class="fa fa-arrow-left"></i></a></li></ul>
</div>
<div class="test-content-detail"><div class="detail-body"></div></div>
</div></div>
<div class="test-wrapper row view exception-view attributes-view">
<div class="test-list">
<div class="test-list-tools">
<ul class="tools pull-left"><li><a href=""><span class="font-size-14">Exception</span></a></li></ul>
<ul class="tools text-right"><li><a href="#"><span class="badge badge-primary">5</span></a></li></ul>
</div>
<div class="test-list-wrapper scrollable">
<ul class="test-list-item">
<li class="test-item">
<div class="test-detail">
<span class="meta">
<span class='badge log badge-danger'>2</span>
</span>
<p class="name">java.lang.AssertionError</p>
<p class="duration text-sm">2 tests</p>
</div>
<div class="test-contents d-none">
<div class="info">
<h4>java.lang.AssertionError</h4>
<span status="fail" class='badge log badge-danger'>2 failed</span>
</div>
<table class='table table-sm mt-4'>
<thead>
<tr>
<th class="status-col">Status</th>
<th class="timestamp-col">Timestamp</th>
<th>TestName</th>
</tr>
</thead>
<tbody>
<tr class="tag-test-status" status="fail">
<td><span class="badge log fail-bg">Fail</span></td>
<td>23:17:12 PM</td>
<td>
<a href="#" class="linked" test-id='3' id='3'>ECS003_validateNewlyCreatedOrganization</a>
</td>
</tr>
<tr class="tag-test-status" status="fail">
<td><span class="badge log fail-bg">Fail</span></td>
<td>23:18:23 PM</td>
<td>
<a href="#" class="linked" test-id='5' id='5'>ECS005_ECS014_ECS015_validateNewlyCreatedBankingAccountAndNotification</a>
</td>
</tr>
</tbody>
</table>
</div>
</li>
<li class="test-item">
<div class="test-detail">
<span class="meta">
<span class='badge log badge-danger'>1</span>
</span>
<p class="name">org.openqa.selenium.remote.UnreachableBrowserException</p>
<p class="duration text-sm">1 tests</p>
</div>
<div class="test-contents d-none">
<div class="info">
<h4>org.openqa.selenium.remote.UnreachableBrowserException</h4>
<span status="fail" class='badge log badge-danger'>1 failed</span>
</div>
<table class='table table-sm mt-4'>
<thead>
<tr>
<th class="status-col">Status</th>
<th class="timestamp-col">Timestamp</th>
<th>TestName</th>
</tr>
</thead>
<tbody>
<tr class="tag-test-status" status="fail">
<td><span class="badge log fail-bg">Fail</span></td>
<td>23:42:09 PM</td>
<td>
<a href="#" class="linked" test-id='14' id='14'>ECS027_validateT_Account</a>
</td>
</tr>
</tbody>
</table>
</div>
</li>
<li class="test-item">
<div class="test-detail">
<span class="meta">
<span class='badge log badge-danger'>2</span>
</span>
<p class="name">org.openqa.selenium.NoSuchElementException</p>
<p class="duration text-sm">2 tests</p>
</div>
<div class="test-contents d-none">
<div class="info">
<h4>org.openqa.selenium.NoSuchElementException</h4>
<span status="fail" class='badge log badge-danger'>2 failed</span>
</div>
<table class='table table-sm mt-4'>
<thead>
<tr>
<th class="status-col">Status</th>
<th class="timestamp-col">Timestamp</th>
<th>TestName</th>
</tr>
</thead>
<tbody>
<tr class="tag-test-status" status="fail">
<td><span class="badge log fail-bg">Fail</span></td>
<td>23:23:45 PM</td>
<td>
<a href="#" class="linked" test-id='8' id='8'>ECS016_ECS017_ECS018_validateAddRelatedPartyCaseClosed</a>
</td>
</tr>
<tr class="tag-test-status" status="fail">
<td><span class="badge log fail-bg">Fail</span></td>
<td>23:29:55 PM</td>
<td>
<a href="#" class="linked" test-id='10' id='10'>ECS023_validateCreditPostTransactionForPersonalSavingAccount</a>
</td>
</tr>
</tbody>
</table>
</div>
</li>
<li class="test-item">
<div class="test-detail">
<span class="meta">
<span class='badge log badge-danger'>1</span>
</span>
<p class="name">org.openqa.selenium.TimeoutException</p>
<p class="duration text-sm">1 tests</p>
</div>
<div class="test-contents d-none">
<div class="info">
<h4>org.openqa.selenium.TimeoutException</h4>
<span status="fail" class='badge log badge-danger'>1 failed</span>
</div>
<table class='table table-sm mt-4'>
<thead>
<tr>
<th class="status-col">Status</th>
<th class="timestamp-col">Timestamp</th>
<th>TestName</th>
</tr>
</thead>
<tbody>
<tr class="tag-test-status" status="fail">
<td><span class="badge log fail-bg">Fail</span></td>
<td>23:15:38 PM</td>
<td>
<a href="#" class="linked" test-id='1' id='1'>ECS001_ECS007_ECS008_ECS009_validateNewlyCreatedConsumerOnSearchPage</a>
</td>
</tr>
</tbody>
</table>
</div>
</li>
<li class="test-item">
<div class="test-detail">
<span class="meta">
<span class='badge log badge-danger'>2</span>
</span>
<p class="name">java.lang.NullPointerException</p>
<p class="duration text-sm">2 tests</p>
</div>
<div class="test-contents d-none">
<div class="info">
<h4>java.lang.NullPointerException</h4>
<span status="fail" class='badge log badge-danger'>2 failed</span>
</div>
<table class='table table-sm mt-4'>
<thead>
<tr>
<th class="status-col">Status</th>
<th class="timestamp-col">Timestamp</th>
<th>TestName</th>
</tr>
</thead>
<tbody>
<tr class="tag-test-status" status="fail">
<td><span class="badge log fail-bg">Fail</span></td>
<td>23:41:14 PM</td>
<td>
<a href="#" class="linked" test-id='12' id='12'>ECS025_validateCreditPostTransactionForMultiPositionAccount</a>
</td>
</tr>
<tr class="tag-test-status" status="fail">
<td><span class="badge log fail-bg">Fail</span></td>
<td>23:41:47 PM</td>
<td>
<a href="#" class="linked" test-id='13' id='13'>ECS026_validateDebitPostTransactionForMultiPositionAccount</a>
</td>
</tr>
</tbody>
</table>
</div>
</li>
</ul>
</div>
</div>
<div class="test-content scrollable">
<div class="test-content-detail">
<div class="detail-body"></div>
</div>
</div>
</div><div class="test-wrapper row view category-view attributes-view">
<div class="test-list">
<div class="test-list-tools">
<ul class="tools pull-left"><li><a href=""><span class="font-size-14">Category</span></a></li></ul>
<ul class="tools text-right"><li><a href="#"><span class="badge badge-primary">2</span></a></li></ul>
</div>
<div class="test-list-wrapper scrollable">
<ul class="test-list-item">
<li class="test-item">
<div class="test-detail">
<span class="meta">
<span class='badge log pass-bg'>6</span>
<span class='badge log badge-danger'>8</span>
</span>
<p class="name">ConsumerTest</p>
<p class="duration text-sm">14 tests</p>
</div>
<div class="test-contents d-none">
<div class="info">
<h4>ConsumerTest</h4>
<span status="pass" class='badge log pass-bg'>6 passed</span>
<span status="fail" class='badge log badge-danger'>8 failed</span>
</div>
<table class='table table-sm mt-4'>
<thead>
<tr>
<th class="status-col">Status</th>
<th class="timestamp-col">Timestamp</th>
<th>TestName</th>
</tr>
</thead>
<tbody>
<tr class="tag-test-status" status="fail">
<td><span class="badge log fail-bg">Fail</span></td>
<td>23:15:38 PM</td>
<td>
<a href="#" class="linked" test-id='1' id='1'>ECS001_ECS007_ECS008_ECS009_validateNewlyCreatedConsumerOnSearchPage</a>
</td>
</tr>
<tr class="tag-test-status" status="pass">
<td><span class="badge log pass-bg">Pass</span></td>
<td>23:16:24 PM</td>
<td>
<a href="#" class="linked" test-id='2' id='2'>ECS002_validateSearchFunctionalityForInvalidConsumer</a>
</td>
</tr>
<tr class="tag-test-status" status="fail">
<td><span class="badge log fail-bg">Fail</span></td>
<td>23:17:12 PM</td>
<td>
<a href="#" class="linked" test-id='3' id='3'>ECS003_validateNewlyCreatedOrganization</a>
</td>
</tr>
<tr class="tag-test-status" status="pass">
<td><span class="badge log pass-bg">Pass</span></td>
<td>23:17:55 PM</td>
<td>
<a href="#" class="linked" test-id='4' id='4'>ECS004_validateSearchFunctionalityForInvalidOrganization</a>
</td>
</tr>
<tr class="tag-test-status" status="fail">
<td><span class="badge log fail-bg">Fail</span></td>
<td>23:18:23 PM</td>
<td>
<a href="#" class="linked" test-id='5' id='5'>ECS005_ECS014_ECS015_validateNewlyCreatedBankingAccountAndNotification</a>
</td>
</tr>
<tr class="tag-test-status" status="pass">
<td><span class="badge log pass-bg">Pass</span></td>
<td>23:20:33 PM</td>
<td>
<a href="#" class="linked" test-id='6' id='6'>ECS006_verifyMessageForInvalidAccountSearch</a>
</td>
</tr>
<tr class="tag-test-status" status="pass">
<td><span class="badge log pass-bg">Pass</span></td>
<td>23:21:03 PM</td>
<td>
<a href="#" class="linked" test-id='7' id='7'>ECS010_ECS011_ECS012_ECS013_validateNewlyCreatedMultipositionAccountNumberProductTypeAndPopupSuccessMsg</a>
</td>
</tr>
<tr class="tag-test-status" status="fail">
<td><span class="badge log fail-bg">Fail</span></td>
<td>23:23:45 PM</td>
<td>
<a href="#" class="linked" test-id='8' id='8'>ECS016_ECS017_ECS018_validateAddRelatedPartyCaseClosed</a>
</td>
</tr>
<tr class="tag-test-status" status="pass">
<td><span class="badge log pass-bg">Pass</span></td>
<td>23:26:55 PM</td>
<td>
<a href="#" class="linked" test-id='9' id='9'>ECS019_ECS020_ECS021_ECS022_validateBeneficiary</a>
</td>
</tr>
<tr class="tag-test-status" status="fail">
<td><span class="badge log fail-bg">Fail</span></td>
<td>23:29:55 PM</td>
<td>
<a href="#" class="linked" test-id='10' id='10'>ECS023_validateCreditPostTransactionForPersonalSavingAccount</a>
</td>
</tr>
<tr class="tag-test-status" status="pass">
<td><span class="badge log pass-bg">Pass</span></td>
<td>23:36:54 PM</td>
<td>
<a href="#" class="linked" test-id='11' id='11'>ECS024_validateDebitPostTransactionForPersonalSavingAccount</a>
</td>
</tr>
<tr class="tag-test-status" status="fail">
<td><span class="badge log fail-bg">Fail</span></td>
<td>23:41:14 PM</td>
<td>
<a href="#" class="linked" test-id='12' id='12'>ECS025_validateCreditPostTransactionForMultiPositionAccount</a>
</td>
</tr>
<tr class="tag-test-status" status="fail">
<td><span class="badge log fail-bg">Fail</span></td>
<td>23:41:47 PM</td>
<td>
<a href="#" class="linked" test-id='13' id='13'>ECS026_validateDebitPostTransactionForMultiPositionAccount</a>
</td>
</tr>
<tr class="tag-test-status" status="fail">
<td><span class="badge log fail-bg">Fail</span></td>
<td>23:42:09 PM</td>
<td>
<a href="#" class="linked" test-id='14' id='14'>ECS027_validateT_Account</a>
</td>
</tr>
</tbody>
</table>
</div>
</li>
<li class="test-item">
<div class="test-detail">
<span class="meta">
<span class='badge log pass-bg'>6</span>
<span class='badge log badge-danger'>8</span>
</span>
<p class="name">Defaultsuite</p>
<p class="duration text-sm">14 tests</p>
</div>
<div class="test-contents d-none">
<div class="info">
<h4>Defaultsuite</h4>
<span status="pass" class='badge log pass-bg'>6 passed</span>
<span status="fail" class='badge log badge-danger'>8 failed</span>
</div>
<table class='table table-sm mt-4'>
<thead>
<tr>
<th class="status-col">Status</th>
<th class="timestamp-col">Timestamp</th>
<th>TestName</th>
</tr>
</thead>
<tbody>
<tr class="tag-test-status" status="fail">
<td><span class="badge log fail-bg">Fail</span></td>
<td>23:15:38 PM</td>
<td>
<a href="#" class="linked" test-id='1' id='1'>ECS001_ECS007_ECS008_ECS009_validateNewlyCreatedConsumerOnSearchPage</a>
</td>
</tr>
<tr class="tag-test-status" status="pass">
<td><span class="badge log pass-bg">Pass</span></td>
<td>23:16:24 PM</td>
<td>
<a href="#" class="linked" test-id='2' id='2'>ECS002_validateSearchFunctionalityForInvalidConsumer</a>
</td>
</tr>
<tr class="tag-test-status" status="fail">
<td><span class="badge log fail-bg">Fail</span></td>
<td>23:17:12 PM</td>
<td>
<a href="#" class="linked" test-id='3' id='3'>ECS003_validateNewlyCreatedOrganization</a>
</td>
</tr>
<tr class="tag-test-status" status="pass">
<td><span class="badge log pass-bg">Pass</span></td>
<td>23:17:55 PM</td>
<td>
<a href="#" class="linked" test-id='4' id='4'>ECS004_validateSearchFunctionalityForInvalidOrganization</a>
</td>
</tr>
<tr class="tag-test-status" status="fail">
<td><span class="badge log fail-bg">Fail</span></td>
<td>23:18:23 PM</td>
<td>
<a href="#" class="linked" test-id='5' id='5'>ECS005_ECS014_ECS015_validateNewlyCreatedBankingAccountAndNotification</a>
</td>
</tr>
<tr class="tag-test-status" status="pass">
<td><span class="badge log pass-bg">Pass</span></td>
<td>23:20:33 PM</td>
<td>
<a href="#" class="linked" test-id='6' id='6'>ECS006_verifyMessageForInvalidAccountSearch</a>
</td>
</tr>
<tr class="tag-test-status" status="pass">
<td><span class="badge log pass-bg">Pass</span></td>
<td>23:21:03 PM</td>
<td>
<a href="#" class="linked" test-id='7' id='7'>ECS010_ECS011_ECS012_ECS013_validateNewlyCreatedMultipositionAccountNumberProductTypeAndPopupSuccessMsg</a>
</td>
</tr>
<tr class="tag-test-status" status="fail">
<td><span class="badge log fail-bg">Fail</span></td>
<td>23:23:45 PM</td>
<td>
<a href="#" class="linked" test-id='8' id='8'>ECS016_ECS017_ECS018_validateAddRelatedPartyCaseClosed</a>
</td>
</tr>
<tr class="tag-test-status" status="pass">
<td><span class="badge log pass-bg">Pass</span></td>
<td>23:26:55 PM</td>
<td>
<a href="#" class="linked" test-id='9' id='9'>ECS019_ECS020_ECS021_ECS022_validateBeneficiary</a>
</td>
</tr>
<tr class="tag-test-status" status="fail">
<td><span class="badge log fail-bg">Fail</span></td>
<td>23:29:55 PM</td>
<td>
<a href="#" class="linked" test-id='10' id='10'>ECS023_validateCreditPostTransactionForPersonalSavingAccount</a>
</td>
</tr>
<tr class="tag-test-status" status="pass">
<td><span class="badge log pass-bg">Pass</span></td>
<td>23:36:54 PM</td>
<td>
<a href="#" class="linked" test-id='11' id='11'>ECS024_validateDebitPostTransactionForPersonalSavingAccount</a>
</td>
</tr>
<tr class="tag-test-status" status="fail">
<td><span class="badge log fail-bg">Fail</span></td>
<td>23:41:14 PM</td>
<td>
<a href="#" class="linked" test-id='12' id='12'>ECS025_validateCreditPostTransactionForMultiPositionAccount</a>
</td>
</tr>
<tr class="tag-test-status" status="fail">
<td><span class="badge log fail-bg">Fail</span></td>
<td>23:41:47 PM</td>
<td>
<a href="#" class="linked" test-id='13' id='13'>ECS026_validateDebitPostTransactionForMultiPositionAccount</a>
</td>
</tr>
<tr class="tag-test-status" status="fail">
<td><span class="badge log fail-bg">Fail</span></td>
<td>23:42:09 PM</td>
<td>
<a href="#" class="linked" test-id='14' id='14'>ECS027_validateT_Account</a>
</td>
</tr>
</tbody>
</table>
</div>
</li>
</ul>
</div>
</div>
<div class="test-content scrollable">
<div class="test-content-detail">
<div class="detail-body"></div>
</div>
</div>
</div><div class="container-fluid p-4 view dashboard-view">
<div class="row">
<div class="col-md-3">
<div class="card"><div class="card-body">
<p class="m-b-0">Started</p>
<h3>Oct 10, 2023 11:15:28 PM</h3>
</div></div>
</div>
<div class="col-md-3">
<div class="card"><div class="card-body">
<p class="m-b-0">Ended</p>
<h3>Oct 10, 2023 11:58:10 PM</h3>
</div></div>
</div>
<div class="col-md-3">
<div class="card"><div class="card-body">
<p class="m-b-0 text-pass">Tests Passed</p>
<h3>6</h3>
</div></div>
</div>
<div class="col-md-3">
<div class="card"><div class="card-body">
<p class="m-b-0 text-fail">Tests Failed</p>
<h3>8</h3>
</div></div>
</div>
</div>
<div class="row">
<div class="col-md-6">
<div class="card">
<div class="card-header">
<h6 class="card-title">Tests</h6>
</div>
<div class="card-body">
<div class="">
<canvas id='parent-analysis' width='115' height='90'></canvas>
</div>
</div>
<div class="card-footer">
<div><small data-tooltip='42%'>
<b>6</b> tests passed
</small>
</div>
<div>
<small data-tooltip='57%'><b>8</b> tests failed,
<b>0</b> skipped, <b data-tooltip='0%'>0</b> others
</small>
</div>
</div>
</div>
</div>
<div class="col-md-6">
<div class="card">
<div class="card-header">
<h6 class="card-title">Log events</h6>
</div>
<div class="card-body">
<div class="">
<canvas id='events-analysis' width='115' height='90'></canvas>
</div>
</div>
<div class="card-footer">
<div><small data-tooltip='20%'><b>36</b> events passed</small></div>
<div>
<small data-tooltip='5%'><b>10</b> events failed,
<b data-tooltip='%'>134</b> others
</small>
</div>
</div>
</div>
</div>
</div>
<div class="row"><div class="col-md-12">
<div class="card"><div class="card-header"><p>Timeline</p></div>
<div class="card-body pt-0"><div>
<canvas id="timeline" height="120"></canvas>
</div></div>
</div>
</div></div>
<script>
var timeline = {
"ECS001_ECS007_ECS008_ECS009_validateNewlyCreatedConsumerOnSearchPage":38.104,"ECS002_validateSearchFunctionalityForInvalidConsumer":43.514,"ECS003_validateNewlyCreatedOrganization":39.051,"ECS004_validateSearchFunctionalityForInvalidOrganization":20.521,"ECS005_ECS014_ECS015_validateNewlyCreatedBankingAccountAndNotification":123.946,"ECS006_verifyMessageForInvalidAccountSearch":24.315,"ECS010_ECS011_ECS012_ECS013_validateNewlyCreatedMultipositionAccountNumberProductTypeAndPopupSuccessMsg":157.279,"ECS016_ECS017_ECS018_validateAddRelatedPartyCaseClosed":178.895,"ECS019_ECS020_ECS021_ECS022_validateBeneficiary":174.787,"ECS023_validateCreditPostTransactionForPersonalSavingAccount":404.608,"ECS024_validateDebitPostTransactionForPersonalSavingAccount":244.197,"ECS025_validateCreditPostTransactionForMultiPositionAccount":12.096,"ECS026_validateDebitPostTransactionForMultiPositionAccount":0.989,"ECS027_validateT_Account":758.208
};
</script>
<div class="row">
<div class="col-lg-6 col-md-12 category-container">
<div class="card">
<div class="card-header"><p>Tags</p></div>
<div class="card-body pb-0 pt-0"><table class="table table-sm table-bordered">
<thead><tr class="bg-gray"><th>Name</th><th>Passed</th><th>Failed</th><th>Skipped</th><th>Others</th><th>Passed %</th></tr></thead><tbody>
<tr>
<td>ConsumerTest</td>
<td>6</td>
<td>8</td>
<td>0</td>
<td>0</td>
<td>42.857%</td>
</tr>
<tr>
<td>Defaultsuite</td>
<td>6</td>
<td>8</td>
<td>0</td>
<td>0</td>
<td>42.857%</td>
</tr>
</tbody>
</table></div>
</div>
</div>
<div class="col-lg-6 col-md-12 sysenv-container">
<div class="card">
<div class="card-header"><p>System/Environment</p></div>
<div class="card-body pb-0 pt-0"><table class="table table-sm table-bordered">
<thead><tr class="bg-gray"><th>Name</th><th>Value</th></tr></thead>
<tbody>
<tr>
<td>System</td>
<td>Windows</td>
</tr>
<tr>
<td>Author</td>
<td>Nahian Omar Faruqe</td>
</tr>
<tr>
<td>Build#</td>
<td>1.1</td>
</tr>
<tr>
<td>Team</td>
<td>Savana</td>
</tr>
<tr>
<td>Description</td>
<td>nGage Platform Smoke Suite</td>
</tr>
</tbody>
</table></div>
</div>
</div>
</div>
</div>
<script>
var statusGroup = {
parentCount: 5,
passParent: 6,
failParent: 8,
warningParent: 0,
skipParent: 0,
childCount: 5,
passChild: 0,
failChild: 0,
warningChild: 0,
skipChild: 0,
infoChild: 0,
grandChildCount: 5,
passGrandChild: 0,
failGrandChild: 0,
warningGrandChild: 0,
skipGrandChild: 0,
infoGrandChild: 0,
eventsCount: 5,
passEvents: 36,
failEvents: 10,
warningEvents: 0,
skipEvents: 0,
infoEvents: 134
};
</script>        </div>
      </div>
    </div>
  </div>
<script src="https://cdn.jsdelivr.net/gh/extent-framework/extent-github-cdn@d6562a79075e061305ccfdb82f01e5e195e2d307/spark/js/spark-script.js"></script>
<script type="text/javascript"></script></body>
</html>